Started GET "/" for 127.0.0.1 at 2019-03-13 20:22:07 -0400
  [1m[35m (2.1ms)[0m  [1m[35mSET NAMES utf8,  @@SESSION.sql_mode = CONCAT(CONCAT(@@sql_mode, ',STRICT_ALL_TABLES'), ',NO_AUTO_VALUE_ON_ZERO'),  @@SESSION.sql_auto_is_null = 0, @@SESSION.wait_timeout = 2147483[0m
  ↳ /Users/marc/.rbenv/versions/2.6.1/lib/ruby/gems/2.6.0/gems/activerecord-5.2.2/lib/active_record/log_subscriber.rb:98
  [1m[35m (0.7ms)[0m  [1m[34mSELECT `schema_migrations`.`version` FROM `schema_migrations` ORDER BY `schema_migrations`.`version` ASC[0m
  ↳ /Users/marc/.rbenv/versions/2.6.1/lib/ruby/gems/2.6.0/gems/activerecord-5.2.2/lib/active_record/log_subscriber.rb:98
Processing by PagesController#index as HTML
  Rendering pages/index.html.erb within layouts/application
  Rendered pages/index.html.erb within layouts/application (25.0ms)
Started GET "/" for 127.0.0.1 at 2019-03-13 20:22:11 -0400
  [1m[35m (0.7ms)[0m  [1m[35mSET NAMES utf8,  @@SESSION.sql_mode = CONCAT(CONCAT(@@sql_mode, ',STRICT_ALL_TABLES'), ',NO_AUTO_VALUE_ON_ZERO'),  @@SESSION.sql_auto_is_null = 0, @@SESSION.wait_timeout = 2147483[0m
  ↳ /Users/marc/.rbenv/versions/2.6.1/lib/ruby/gems/2.6.0/gems/activerecord-5.2.2/lib/active_record/log_subscriber.rb:98
Processing by PagesController#index as HTML
  Rendering pages/index.html.erb within layouts/application
  Rendered pages/index.html.erb within layouts/application (13.1ms)
Completed 200 OK in 14709ms (Views: 14643.6ms | ActiveRecord: 24.4ms)


Completed 200 OK in 13667ms (Views: 13664.4ms | ActiveRecord: 0.0ms)


Started GET "/emp-dashboard" for 127.0.0.1 at 2019-03-13 20:22:31 -0400
Processing by RailsAdmin::MainController#dashboard as HTML
  [1m[36mUser Load (0.7ms)[0m  [1m[34mSELECT  `users`.* FROM `users` WHERE `users`.`id` = 1 ORDER BY `users`.`id` ASC LIMIT 1[0m
  ↳ config/initializers/rails_admin.rb:7
Completed 401 Unauthorized in 47ms (ActiveRecord: 39.3ms)


Started GET "/users/sign_in" for 127.0.0.1 at 2019-03-13 20:22:31 -0400
Processing by Devise::SessionsController#new as HTML
  Rendering devise/sessions/new.html.erb within layouts/application
  Rendered devise/shared/_links.html.erb (1.3ms)
  Rendered devise/sessions/new.html.erb within layouts/application (10.0ms)
Completed 200 OK in 91ms (Views: 68.5ms | ActiveRecord: 0.0ms)


Started GET "/users/assets/plugins/bootstrap/js/bootstrap.min.js" for 127.0.0.1 at 2019-03-13 20:22:31 -0400
  
ActionController::RoutingError (No route matches [GET] "/users/assets/plugins/bootstrap/js/bootstrap.min.js"):
  
actionpack (5.2.2) lib/action_dispatch/middleware/debug_exceptions.rb:65:in `call'
web-console (3.7.0) lib/web_console/middleware.rb:135:in `call_app'
web-console (3.7.0) lib/web_console/middleware.rb:30:in `block in call'
web-console (3.7.0) lib/web_console/middleware.rb:20:in `catch'
web-console (3.7.0) lib/web_console/middleware.rb:20:in `call'
actionpack (5.2.2) lib/action_dispatch/middleware/show_exceptions.rb:33:in `call'
railties (5.2.2) lib/rails/rack/logger.rb:38:in `call_app'
railties (5.2.2) lib/rails/rack/logger.rb:26:in `block in call'
activesupport (5.2.2) lib/active_support/tagged_logging.rb:71:in `block in tagged'
activesupport (5.2.2) lib/active_support/tagged_logging.rb:28:in `tagged'
activesupport (5.2.2) lib/active_support/tagged_logging.rb:71:in `tagged'
railties (5.2.2) lib/rails/rack/logger.rb:26:in `call'
sprockets-rails (3.2.1) lib/sprockets/rails/quiet_assets.rb:13:in `call'
actionpack (5.2.2) lib/action_dispatch/middleware/remote_ip.rb:81:in `call'
actionpack (5.2.2) lib/action_dispatch/middleware/request_id.rb:27:in `call'
rack (2.0.6) lib/rack/method_override.rb:22:in `call'
rack (2.0.6) lib/rack/runtime.rb:22:in `call'
activesupport (5.2.2) lib/active_support/cache/strategy/local_cache_middleware.rb:29:in `call'
actionpack (5.2.2) lib/action_dispatch/middleware/executor.rb:14:in `call'
actionpack (5.2.2) lib/action_dispatch/middleware/static.rb:127:in `call'
rack (2.0.6) lib/rack/sendfile.rb:111:in `call'
railties (5.2.2) lib/rails/engine.rb:524:in `call'
puma (3.12.0) lib/puma/configuration.rb:225:in `call'
puma (3.12.0) lib/puma/server.rb:658:in `handle_request'
puma (3.12.0) lib/puma/server.rb:472:in `process_client'
puma (3.12.0) lib/puma/server.rb:332:in `block in run'
puma (3.12.0) lib/puma/thread_pool.rb:133:in `block in spawn_thread'
Started GET "/" for 127.0.0.1 at 2019-03-13 20:25:54 -0400
  [1m[35m (3.4ms)[0m  [1m[35mSET NAMES utf8,  @@SESSION.sql_mode = CONCAT(CONCAT(@@sql_mode, ',STRICT_ALL_TABLES'), ',NO_AUTO_VALUE_ON_ZERO'),  @@SESSION.sql_auto_is_null = 0, @@SESSION.wait_timeout = 2147483[0m
  ↳ /Users/marc/.rbenv/versions/2.6.1/lib/ruby/gems/2.6.0/gems/activerecord-5.2.2/lib/active_record/log_subscriber.rb:98
  [1m[35m (0.8ms)[0m  [1m[34mSELECT `schema_migrations`.`version` FROM `schema_migrations` ORDER BY `schema_migrations`.`version` ASC[0m
  ↳ /Users/marc/.rbenv/versions/2.6.1/lib/ruby/gems/2.6.0/gems/activerecord-5.2.2/lib/active_record/log_subscriber.rb:98
Processing by PagesController#index as HTML
  Rendering pages/index.html.erb within layouts/application
  Rendered pages/index.html.erb within layouts/application (19.0ms)
Started GET "/" for 127.0.0.1 at 2019-03-13 20:25:58 -0400
  [1m[35m (1.9ms)[0m  [1m[35mSET NAMES utf8,  @@SESSION.sql_mode = CONCAT(CONCAT(@@sql_mode, ',STRICT_ALL_TABLES'), ',NO_AUTO_VALUE_ON_ZERO'),  @@SESSION.sql_auto_is_null = 0, @@SESSION.wait_timeout = 2147483[0m
  ↳ /Users/marc/.rbenv/versions/2.6.1/lib/ruby/gems/2.6.0/gems/activerecord-5.2.2/lib/active_record/log_subscriber.rb:98
Processing by PagesController#index as HTML
  Rendering pages/index.html.erb within layouts/application
  Rendered pages/index.html.erb within layouts/application (12.8ms)
Completed 200 OK in 12905ms (Views: 12784.2ms | ActiveRecord: 62.3ms)


Completed 200 OK in 12240ms (Views: 12237.6ms | ActiveRecord: 0.0ms)


Started GET "/emp-dashboard" for 127.0.0.1 at 2019-03-13 20:26:17 -0400
Processing by RailsAdmin::MainController#dashboard as HTML
  [1m[35m (0.5ms)[0m  [1m[34mSELECT COUNT(*) FROM `addresses`[0m
  ↳ /Users/marc/.rbenv/versions/2.6.1/lib/ruby/gems/2.6.0/gems/activerecord-5.2.2/lib/active_record/log_subscriber.rb:98
  [1m[35m (0.8ms)[0m  [1m[34mSELECT COUNT(*) FROM `batteries`[0m
  ↳ /Users/marc/.rbenv/versions/2.6.1/lib/ruby/gems/2.6.0/gems/activerecord-5.2.2/lib/active_record/log_subscriber.rb:98
  [1m[35m (3.8ms)[0m  [1m[34mSELECT COUNT(*) FROM `buildings`[0m
  ↳ /Users/marc/.rbenv/versions/2.6.1/lib/ruby/gems/2.6.0/gems/activerecord-5.2.2/lib/active_record/log_subscriber.rb:98
  [1m[35m (1.1ms)[0m  [1m[34mSELECT COUNT(*) FROM `building_details`[0m
  ↳ /Users/marc/.rbenv/versions/2.6.1/lib/ruby/gems/2.6.0/gems/activerecord-5.2.2/lib/active_record/log_subscriber.rb:98
  [1m[35m (0.7ms)[0m  [1m[34mSELECT COUNT(*) FROM `columns`[0m
  ↳ /Users/marc/.rbenv/versions/2.6.1/lib/ruby/gems/2.6.0/gems/activerecord-5.2.2/lib/active_record/log_subscriber.rb:98
  [1m[35m (0.8ms)[0m  [1m[34mSELECT COUNT(*) FROM `customers`[0m
  ↳ /Users/marc/.rbenv/versions/2.6.1/lib/ruby/gems/2.6.0/gems/activerecord-5.2.2/lib/active_record/log_subscriber.rb:98
  [1m[35m (0.8ms)[0m  [1m[34mSELECT COUNT(*) FROM `elevators`[0m
  ↳ /Users/marc/.rbenv/versions/2.6.1/lib/ruby/gems/2.6.0/gems/activerecord-5.2.2/lib/active_record/log_subscriber.rb:98
  [1m[35m (0.7ms)[0m  [1m[34mSELECT COUNT(*) FROM `leads`[0m
  ↳ /Users/marc/.rbenv/versions/2.6.1/lib/ruby/gems/2.6.0/gems/activerecord-5.2.2/lib/active_record/log_subscriber.rb:98
  [1m[36mLead Load (1.5ms)[0m  [1m[34mSELECT  `leads`.* FROM `leads` ORDER BY `leads`.`id` DESC LIMIT 1[0m
  ↳ /Users/marc/.rbenv/versions/2.6.1/lib/ruby/gems/2.6.0/gems/activerecord-5.2.2/lib/active_record/log_subscriber.rb:98
  [1m[35m (0.7ms)[0m  [1m[34mSELECT COUNT(*) FROM `quotes`[0m
  ↳ /Users/marc/.rbenv/versions/2.6.1/lib/ruby/gems/2.6.0/gems/activerecord-5.2.2/lib/active_record/log_subscriber.rb:98
  [1m[36mQuote Load (0.6ms)[0m  [1m[34mSELECT  `quotes`.* FROM `quotes` ORDER BY `quotes`.`id` DESC LIMIT 1[0m
  ↳ /Users/marc/.rbenv/versions/2.6.1/lib/ruby/gems/2.6.0/gems/activerecord-5.2.2/lib/active_record/log_subscriber.rb:98
  [1m[35m (1.5ms)[0m  [1m[34mSELECT COUNT(*) FROM `users`[0m
  ↳ /Users/marc/.rbenv/versions/2.6.1/lib/ruby/gems/2.6.0/gems/activerecord-5.2.2/lib/active_record/log_subscriber.rb:98
  [1m[36mUser Load (0.5ms)[0m  [1m[34mSELECT  `users`.* FROM `users` ORDER BY `users`.`id` DESC LIMIT 1[0m
  ↳ /Users/marc/.rbenv/versions/2.6.1/lib/ruby/gems/2.6.0/gems/activerecord-5.2.2/lib/active_record/log_subscriber.rb:98
  Rendering /Users/marc/.rbenv/versions/2.6.1/lib/ruby/gems/2.6.0/gems/rails_admin-1.4.2/app/views/rails_admin/main/dashboard.html.haml within layouts/rails_admin/application
  Rendered /Users/marc/.rbenv/versions/2.6.1/lib/ruby/gems/2.6.0/gems/rails_admin-1.4.2/app/views/rails_admin/main/dashboard.html.haml within layouts/rails_admin/application (109.9ms)
  Rendered /Users/marc/.rbenv/versions/2.6.1/lib/ruby/gems/2.6.0/gems/rails_admin-1.4.2/app/views/layouts/rails_admin/_secondary_navigation.html.haml (10.2ms)
  Rendered /Users/marc/.rbenv/versions/2.6.1/lib/ruby/gems/2.6.0/gems/rails_admin-1.4.2/app/views/layouts/rails_admin/_navigation.html.haml (23.1ms)
  Rendered /Users/marc/.rbenv/versions/2.6.1/lib/ruby/gems/2.6.0/gems/rails_admin-1.4.2/app/views/layouts/rails_admin/_sidebar_navigation.html.haml (15.3ms)
  Rendering /Users/marc/.rbenv/versions/2.6.1/lib/ruby/gems/2.6.0/gems/rails_admin-1.4.2/app/views/layouts/rails_admin/pjax.html.haml
  Rendered /Users/marc/.rbenv/versions/2.6.1/lib/ruby/gems/2.6.0/gems/rails_admin-1.4.2/app/views/layouts/rails_admin/pjax.html.haml (9.5ms)
Completed 200 OK in 2189ms (Views: 808.4ms | ActiveRecord: 132.2ms)


Started GET "/emp-dashboard/user?_pjax=%5Bdata-pjax-container%5D" for 127.0.0.1 at 2019-03-13 20:26:22 -0400
Processing by RailsAdmin::MainController#index as HTML
  Parameters: {"_pjax"=>"[data-pjax-container]", "model_name"=>"user"}
  Rendering /Users/marc/.rbenv/versions/2.6.1/lib/ruby/gems/2.6.0/gems/rails_admin-1.4.2/app/views/rails_admin/main/index.html.haml within layouts/rails_admin/pjax
  [1m[36mUser Load (0.6ms)[0m  [1m[34mSELECT  `users`.* FROM `users` ORDER BY users.id desc LIMIT 20 OFFSET 0[0m
  ↳ /Users/marc/.rbenv/versions/2.6.1/lib/ruby/gems/2.6.0/gems/activerecord-5.2.2/lib/active_record/log_subscriber.rb:98
  Rendered /Users/marc/.rbenv/versions/2.6.1/lib/ruby/gems/2.6.0/gems/rails_admin-1.4.2/app/views/rails_admin/main/index.html.haml within layouts/rails_admin/pjax (67.7ms)
Completed 200 OK in 118ms (Views: 88.2ms | ActiveRecord: 0.6ms)


Started GET "/emp-dashboard/user/new?_pjax=%5Bdata-pjax-container%5D" for 127.0.0.1 at 2019-03-13 20:26:24 -0400
Processing by RailsAdmin::MainController#new as HTML
  Parameters: {"_pjax"=>"[data-pjax-container]", "model_name"=>"user"}
  Rendering /Users/marc/.rbenv/versions/2.6.1/lib/ruby/gems/2.6.0/gems/rails_admin-1.4.2/app/views/rails_admin/main/new.html.haml within layouts/rails_admin/pjax
  Rendered /Users/marc/.rbenv/versions/2.6.1/lib/ruby/gems/2.6.0/gems/rails_admin-1.4.2/app/views/rails_admin/main/_form_field.html.haml (3.1ms)
  Rendered /Users/marc/.rbenv/versions/2.6.1/lib/ruby/gems/2.6.0/gems/rails_admin-1.4.2/app/views/rails_admin/main/_form_field.html.haml (0.6ms)
  Rendered /Users/marc/.rbenv/versions/2.6.1/lib/ruby/gems/2.6.0/gems/rails_admin-1.4.2/app/views/rails_admin/main/_form_field.html.haml (0.7ms)
  Rendered /Users/marc/.rbenv/versions/2.6.1/lib/ruby/gems/2.6.0/gems/rails_admin-1.4.2/app/views/rails_admin/main/_form_field.html.haml (0.5ms)
  Rendered /Users/marc/.rbenv/versions/2.6.1/lib/ruby/gems/2.6.0/gems/rails_admin-1.4.2/app/views/rails_admin/main/_form_field.html.haml (1.0ms)
  Rendered /Users/marc/.rbenv/versions/2.6.1/lib/ruby/gems/2.6.0/gems/rails_admin-1.4.2/app/views/rails_admin/main/_form_field.html.haml (0.4ms)
  Rendered /Users/marc/.rbenv/versions/2.6.1/lib/ruby/gems/2.6.0/gems/rails_admin-1.4.2/app/views/rails_admin/main/_form_datetime.html.haml (5.0ms)
  Rendered /Users/marc/.rbenv/versions/2.6.1/lib/ruby/gems/2.6.0/gems/rails_admin-1.4.2/app/views/rails_admin/main/_submit_buttons.html.haml (15.9ms)
  Rendered /Users/marc/.rbenv/versions/2.6.1/lib/ruby/gems/2.6.0/gems/rails_admin-1.4.2/app/views/rails_admin/main/new.html.haml within layouts/rails_admin/pjax (61.7ms)
Completed 200 OK in 94ms (Views: 81.3ms | ActiveRecord: 0.0ms)


Started POST "/emp-dashboard/user/new" for 127.0.0.1 at 2019-03-13 20:26:45 -0400
Processing by RailsAdmin::MainController#new as HTML
  Parameters: {"utf8"=>"✓", "authenticity_token"=>"um1NXBE3fRNsgR8td7nTI1m2D488F9VF5iBz8r21o2cqT51F4vCCfiPRZKd2GdpVAAp2zkHEkLnZx28HNC2CGg==", "user"=>{"first_name"=>"Marc-Antoine", "last_name"=>"Tanguay", "title"=>"Student", "email"=>"marc_ant21@hotmail.com", "password"=>"[FILTERED]", "password_confirmation"=>"[FILTERED]", "reset_password_sent_at"=>"[FILTERED]"}, "return_to"=>"http://localhost:3000/emp-dashboard/user", "_save"=>"", "model_name"=>"user"}
  [1m[35m (0.3ms)[0m  [1m[35mBEGIN[0m
  ↳ /Users/marc/.rbenv/versions/2.6.1/lib/ruby/gems/2.6.0/gems/activerecord-5.2.2/lib/active_record/log_subscriber.rb:98
  [1m[36mUser Exists (0.6ms)[0m  [1m[34mSELECT  1 AS one FROM `users` WHERE `users`.`email` = BINARY 'marc_ant21@hotmail.com' LIMIT 1[0m
  ↳ /Users/marc/.rbenv/versions/2.6.1/lib/ruby/gems/2.6.0/gems/activerecord-5.2.2/lib/active_record/log_subscriber.rb:98
  [1m[36mUser Create (0.5ms)[0m  [1m[32mINSERT INTO `users` (`first_name`, `last_name`, `title`, `email`, `encrypted_password`, `created_at`, `updated_at`) VALUES ('Marc-Antoine', 'Tanguay', 'Student', 'marc_ant21@hotmail.com', '$2a$11$pd792eJnVZY5VZC/cNCbAuTT/QdV2URL1h/nbq32Us7WXQNVTrUw2', '2019-03-14 00:26:45', '2019-03-14 00:26:45')[0m
  ↳ /Users/marc/.rbenv/versions/2.6.1/lib/ruby/gems/2.6.0/gems/activerecord-5.2.2/lib/active_record/log_subscriber.rb:98
  [1m[35m (1.4ms)[0m  [1m[35mCOMMIT[0m
  ↳ /Users/marc/.rbenv/versions/2.6.1/lib/ruby/gems/2.6.0/gems/activerecord-5.2.2/lib/active_record/log_subscriber.rb:98
Redirected to http://localhost:3000/emp-dashboard/user
Completed 302 Found in 194ms (ActiveRecord: 2.8ms)


Started GET "/emp-dashboard/user" for 127.0.0.1 at 2019-03-13 20:26:45 -0400
Processing by RailsAdmin::MainController#index as HTML
  Parameters: {"model_name"=>"user"}
  Rendering /Users/marc/.rbenv/versions/2.6.1/lib/ruby/gems/2.6.0/gems/rails_admin-1.4.2/app/views/rails_admin/main/index.html.haml within layouts/rails_admin/application
  [1m[36mUser Load (0.5ms)[0m  [1m[34mSELECT  `users`.* FROM `users` ORDER BY users.id desc LIMIT 20 OFFSET 0[0m
  ↳ /Users/marc/.rbenv/versions/2.6.1/lib/ruby/gems/2.6.0/gems/activerecord-5.2.2/lib/active_record/log_subscriber.rb:98
  Rendered /Users/marc/.rbenv/versions/2.6.1/lib/ruby/gems/2.6.0/gems/rails_admin-1.4.2/app/views/rails_admin/main/index.html.haml within layouts/rails_admin/application (70.0ms)
  Rendered /Users/marc/.rbenv/versions/2.6.1/lib/ruby/gems/2.6.0/gems/rails_admin-1.4.2/app/views/layouts/rails_admin/_secondary_navigation.html.haml (7.4ms)
  Rendered /Users/marc/.rbenv/versions/2.6.1/lib/ruby/gems/2.6.0/gems/rails_admin-1.4.2/app/views/layouts/rails_admin/_navigation.html.haml (18.0ms)
  Rendered /Users/marc/.rbenv/versions/2.6.1/lib/ruby/gems/2.6.0/gems/rails_admin-1.4.2/app/views/layouts/rails_admin/_sidebar_navigation.html.haml (14.2ms)
  Rendering /Users/marc/.rbenv/versions/2.6.1/lib/ruby/gems/2.6.0/gems/rails_admin-1.4.2/app/views/layouts/rails_admin/pjax.html.haml
  Rendered /Users/marc/.rbenv/versions/2.6.1/lib/ruby/gems/2.6.0/gems/rails_admin-1.4.2/app/views/layouts/rails_admin/pjax.html.haml (11.1ms)
Completed 200 OK in 365ms (Views: 358.5ms | ActiveRecord: 0.5ms)


Started GET "/emp-dashboard/user/new?_pjax=%5Bdata-pjax-container%5D" for 127.0.0.1 at 2019-03-13 20:26:48 -0400
Processing by RailsAdmin::MainController#new as HTML
  Parameters: {"_pjax"=>"[data-pjax-container]", "model_name"=>"user"}
  Rendering /Users/marc/.rbenv/versions/2.6.1/lib/ruby/gems/2.6.0/gems/rails_admin-1.4.2/app/views/rails_admin/main/new.html.haml within layouts/rails_admin/pjax
  Rendered /Users/marc/.rbenv/versions/2.6.1/lib/ruby/gems/2.6.0/gems/rails_admin-1.4.2/app/views/rails_admin/main/_form_field.html.haml (3.9ms)
  Rendered /Users/marc/.rbenv/versions/2.6.1/lib/ruby/gems/2.6.0/gems/rails_admin-1.4.2/app/views/rails_admin/main/_form_field.html.haml (0.2ms)
  Rendered /Users/marc/.rbenv/versions/2.6.1/lib/ruby/gems/2.6.0/gems/rails_admin-1.4.2/app/views/rails_admin/main/_form_field.html.haml (0.3ms)
  Rendered /Users/marc/.rbenv/versions/2.6.1/lib/ruby/gems/2.6.0/gems/rails_admin-1.4.2/app/views/rails_admin/main/_form_field.html.haml (0.6ms)
  Rendered /Users/marc/.rbenv/versions/2.6.1/lib/ruby/gems/2.6.0/gems/rails_admin-1.4.2/app/views/rails_admin/main/_form_field.html.haml (0.5ms)
  Rendered /Users/marc/.rbenv/versions/2.6.1/lib/ruby/gems/2.6.0/gems/rails_admin-1.4.2/app/views/rails_admin/main/_form_field.html.haml (0.4ms)
  Rendered /Users/marc/.rbenv/versions/2.6.1/lib/ruby/gems/2.6.0/gems/rails_admin-1.4.2/app/views/rails_admin/main/_form_datetime.html.haml (2.8ms)
  Rendered /Users/marc/.rbenv/versions/2.6.1/lib/ruby/gems/2.6.0/gems/rails_admin-1.4.2/app/views/rails_admin/main/_submit_buttons.html.haml (7.3ms)
  Rendered /Users/marc/.rbenv/versions/2.6.1/lib/ruby/gems/2.6.0/gems/rails_admin-1.4.2/app/views/rails_admin/main/new.html.haml within layouts/rails_admin/pjax (41.4ms)
Completed 200 OK in 62ms (Views: 51.3ms | ActiveRecord: 0.0ms)


Started POST "/emp-dashboard/user/new" for 127.0.0.1 at 2019-03-13 20:27:10 -0400
Processing by RailsAdmin::MainController#new as HTML
  Parameters: {"utf8"=>"✓", "authenticity_token"=>"LS7cxDqPRHnxkNjIpiDlZxVRPTrRCY0XQFmRV+LA1kG9DAzdyUi7FL7Ao0KngOwRTO1Ee6zayOt/vo2ia1j3PA==", "user"=>{"first_name"=>"Nadya", "last_name"=>"Fortier", "title"=>"Director", "email"=>"nadya.fortier@codeboxx.biz", "password"=>"[FILTERED]", "password_confirmation"=>"[FILTERED]", "reset_password_sent_at"=>"[FILTERED]"}, "return_to"=>"http://localhost:3000/emp-dashboard/user", "_save"=>"", "model_name"=>"user"}
  [1m[35m (0.3ms)[0m  [1m[35mBEGIN[0m
  ↳ /Users/marc/.rbenv/versions/2.6.1/lib/ruby/gems/2.6.0/gems/activerecord-5.2.2/lib/active_record/log_subscriber.rb:98
  [1m[36mUser Exists (0.8ms)[0m  [1m[34mSELECT  1 AS one FROM `users` WHERE `users`.`email` = BINARY 'nadya.fortier@codeboxx.biz' LIMIT 1[0m
  ↳ /Users/marc/.rbenv/versions/2.6.1/lib/ruby/gems/2.6.0/gems/activerecord-5.2.2/lib/active_record/log_subscriber.rb:98
  [1m[36mUser Create (0.7ms)[0m  [1m[32mINSERT INTO `users` (`first_name`, `last_name`, `title`, `email`, `encrypted_password`, `created_at`, `updated_at`) VALUES ('Nadya', 'Fortier', 'Director', 'nadya.fortier@codeboxx.biz', '$2a$11$1ZVMcODqILYIbyEnsOOjfetKZsBDBxYiPPoHM0OGH0bh36apFUc0a', '2019-03-14 00:27:11', '2019-03-14 00:27:11')[0m
  ↳ /Users/marc/.rbenv/versions/2.6.1/lib/ruby/gems/2.6.0/gems/activerecord-5.2.2/lib/active_record/log_subscriber.rb:98
  [1m[35m (1.1ms)[0m  [1m[35mCOMMIT[0m
  ↳ /Users/marc/.rbenv/versions/2.6.1/lib/ruby/gems/2.6.0/gems/activerecord-5.2.2/lib/active_record/log_subscriber.rb:98
Redirected to http://localhost:3000/emp-dashboard/user
Completed 302 Found in 180ms (ActiveRecord: 2.9ms)


Started GET "/emp-dashboard/user" for 127.0.0.1 at 2019-03-13 20:27:11 -0400
Processing by RailsAdmin::MainController#index as HTML
  Parameters: {"model_name"=>"user"}
  Rendering /Users/marc/.rbenv/versions/2.6.1/lib/ruby/gems/2.6.0/gems/rails_admin-1.4.2/app/views/rails_admin/main/index.html.haml within layouts/rails_admin/application
  [1m[36mUser Load (0.6ms)[0m  [1m[34mSELECT  `users`.* FROM `users` ORDER BY users.id desc LIMIT 20 OFFSET 0[0m
  ↳ /Users/marc/.rbenv/versions/2.6.1/lib/ruby/gems/2.6.0/gems/activerecord-5.2.2/lib/active_record/log_subscriber.rb:98
  Rendered /Users/marc/.rbenv/versions/2.6.1/lib/ruby/gems/2.6.0/gems/rails_admin-1.4.2/app/views/rails_admin/main/index.html.haml within layouts/rails_admin/application (59.7ms)
  Rendered /Users/marc/.rbenv/versions/2.6.1/lib/ruby/gems/2.6.0/gems/rails_admin-1.4.2/app/views/layouts/rails_admin/_secondary_navigation.html.haml (7.1ms)
  Rendered /Users/marc/.rbenv/versions/2.6.1/lib/ruby/gems/2.6.0/gems/rails_admin-1.4.2/app/views/layouts/rails_admin/_navigation.html.haml (18.2ms)
  Rendered /Users/marc/.rbenv/versions/2.6.1/lib/ruby/gems/2.6.0/gems/rails_admin-1.4.2/app/views/layouts/rails_admin/_sidebar_navigation.html.haml (15.8ms)
  Rendering /Users/marc/.rbenv/versions/2.6.1/lib/ruby/gems/2.6.0/gems/rails_admin-1.4.2/app/views/layouts/rails_admin/pjax.html.haml
  Rendered /Users/marc/.rbenv/versions/2.6.1/lib/ruby/gems/2.6.0/gems/rails_admin-1.4.2/app/views/layouts/rails_admin/pjax.html.haml (7.9ms)
Completed 200 OK in 379ms (Views: 371.2ms | ActiveRecord: 0.6ms)


Started GET "/emp-dashboard/user/new?_pjax=%5Bdata-pjax-container%5D" for 127.0.0.1 at 2019-03-13 20:27:13 -0400
Processing by RailsAdmin::MainController#new as HTML
  Parameters: {"_pjax"=>"[data-pjax-container]", "model_name"=>"user"}
  Rendering /Users/marc/.rbenv/versions/2.6.1/lib/ruby/gems/2.6.0/gems/rails_admin-1.4.2/app/views/rails_admin/main/new.html.haml within layouts/rails_admin/pjax
  Rendered /Users/marc/.rbenv/versions/2.6.1/lib/ruby/gems/2.6.0/gems/rails_admin-1.4.2/app/views/rails_admin/main/_form_field.html.haml (2.4ms)
  Rendered /Users/marc/.rbenv/versions/2.6.1/lib/ruby/gems/2.6.0/gems/rails_admin-1.4.2/app/views/rails_admin/main/_form_field.html.haml (0.3ms)
  Rendered /Users/marc/.rbenv/versions/2.6.1/lib/ruby/gems/2.6.0/gems/rails_admin-1.4.2/app/views/rails_admin/main/_form_field.html.haml (0.5ms)
  Rendered /Users/marc/.rbenv/versions/2.6.1/lib/ruby/gems/2.6.0/gems/rails_admin-1.4.2/app/views/rails_admin/main/_form_field.html.haml (0.3ms)
  Rendered /Users/marc/.rbenv/versions/2.6.1/lib/ruby/gems/2.6.0/gems/rails_admin-1.4.2/app/views/rails_admin/main/_form_field.html.haml (0.3ms)
  Rendered /Users/marc/.rbenv/versions/2.6.1/lib/ruby/gems/2.6.0/gems/rails_admin-1.4.2/app/views/rails_admin/main/_form_field.html.haml (0.2ms)
  Rendered /Users/marc/.rbenv/versions/2.6.1/lib/ruby/gems/2.6.0/gems/rails_admin-1.4.2/app/views/rails_admin/main/_form_datetime.html.haml (4.1ms)
  Rendered /Users/marc/.rbenv/versions/2.6.1/lib/ruby/gems/2.6.0/gems/rails_admin-1.4.2/app/views/rails_admin/main/_submit_buttons.html.haml (7.3ms)
  Rendered /Users/marc/.rbenv/versions/2.6.1/lib/ruby/gems/2.6.0/gems/rails_admin-1.4.2/app/views/rails_admin/main/new.html.haml within layouts/rails_admin/pjax (38.7ms)
Completed 200 OK in 60ms (Views: 48.9ms | ActiveRecord: 0.0ms)


Started POST "/emp-dashboard/user/new" for 127.0.0.1 at 2019-03-13 20:27:19 -0400
Processing by RailsAdmin::MainController#new as HTML
  Parameters: {"utf8"=>"✓", "authenticity_token"=>"c3N2oL4KQopryMVCsQSZWnTAc94zfgyui+6wxD1id+fjUaa5Tc295ySYvsiwpJAsLXwKn06tSVK0CawxtPpWmg==", "user"=>{"first_name"=>"Felix-Antoine", "last_name"=>"P", "title"=>"Comm Rep", "email"=>"", "password"=>"[FILTERED]", "password_confirmation"=>"[FILTERED]", "reset_password_sent_at"=>"[FILTERED]"}, "return_to"=>"http://localhost:3000/emp-dashboard/user", "_save"=>"", "model_name"=>"user"}
  [1m[35m (0.2ms)[0m  [1m[35mBEGIN[0m
  ↳ /Users/marc/.rbenv/versions/2.6.1/lib/ruby/gems/2.6.0/gems/activerecord-5.2.2/lib/active_record/log_subscriber.rb:98
  [1m[35m (0.2ms)[0m  [1m[31mROLLBACK[0m
  ↳ /Users/marc/.rbenv/versions/2.6.1/lib/ruby/gems/2.6.0/gems/activerecord-5.2.2/lib/active_record/log_subscriber.rb:98
  Rendering /Users/marc/.rbenv/versions/2.6.1/lib/ruby/gems/2.6.0/gems/rails_admin-1.4.2/app/views/rails_admin/main/new.html.haml within layouts/rails_admin/application
  Rendered /Users/marc/.rbenv/versions/2.6.1/lib/ruby/gems/2.6.0/gems/rails_admin-1.4.2/app/views/rails_admin/main/_form_field.html.haml (1.9ms)
  Rendered /Users/marc/.rbenv/versions/2.6.1/lib/ruby/gems/2.6.0/gems/rails_admin-1.4.2/app/views/rails_admin/main/_form_field.html.haml (0.2ms)
  Rendered /Users/marc/.rbenv/versions/2.6.1/lib/ruby/gems/2.6.0/gems/rails_admin-1.4.2/app/views/rails_admin/main/_form_field.html.haml (0.6ms)
  Rendered /Users/marc/.rbenv/versions/2.6.1/lib/ruby/gems/2.6.0/gems/rails_admin-1.4.2/app/views/rails_admin/main/_form_field.html.haml (0.4ms)
  Rendered /Users/marc/.rbenv/versions/2.6.1/lib/ruby/gems/2.6.0/gems/rails_admin-1.4.2/app/views/rails_admin/main/_form_field.html.haml (0.2ms)
  Rendered /Users/marc/.rbenv/versions/2.6.1/lib/ruby/gems/2.6.0/gems/rails_admin-1.4.2/app/views/rails_admin/main/_form_field.html.haml (0.2ms)
  Rendered /Users/marc/.rbenv/versions/2.6.1/lib/ruby/gems/2.6.0/gems/rails_admin-1.4.2/app/views/rails_admin/main/_form_datetime.html.haml (2.8ms)
  Rendered /Users/marc/.rbenv/versions/2.6.1/lib/ruby/gems/2.6.0/gems/rails_admin-1.4.2/app/views/rails_admin/main/_submit_buttons.html.haml (11.0ms)
  Rendered /Users/marc/.rbenv/versions/2.6.1/lib/ruby/gems/2.6.0/gems/rails_admin-1.4.2/app/views/rails_admin/main/new.html.haml within layouts/rails_admin/application (36.3ms)
  Rendered /Users/marc/.rbenv/versions/2.6.1/lib/ruby/gems/2.6.0/gems/rails_admin-1.4.2/app/views/layouts/rails_admin/_secondary_navigation.html.haml (41.8ms)
  Rendered /Users/marc/.rbenv/versions/2.6.1/lib/ruby/gems/2.6.0/gems/rails_admin-1.4.2/app/views/layouts/rails_admin/_navigation.html.haml (54.5ms)
  Rendered /Users/marc/.rbenv/versions/2.6.1/lib/ruby/gems/2.6.0/gems/rails_admin-1.4.2/app/views/layouts/rails_admin/_sidebar_navigation.html.haml (9.1ms)
  Rendering /Users/marc/.rbenv/versions/2.6.1/lib/ruby/gems/2.6.0/gems/rails_admin-1.4.2/app/views/layouts/rails_admin/pjax.html.haml
  Rendered /Users/marc/.rbenv/versions/2.6.1/lib/ruby/gems/2.6.0/gems/rails_admin-1.4.2/app/views/layouts/rails_admin/pjax.html.haml (6.9ms)
Completed 406 Not Acceptable in 468ms (Views: 291.3ms | ActiveRecord: 0.5ms)


Started POST "/emp-dashboard/user/new" for 127.0.0.1 at 2019-03-13 20:27:37 -0400
Processing by RailsAdmin::MainController#new as HTML
  Parameters: {"utf8"=>"✓", "authenticity_token"=>"XD81PyFaUPSv2mTkaRnVjt4O2Yc2SaheZl4qFlQE3W8znAM9c4BlII5IOSmwtPmBwpvBtFMNnWkaa4s1T2HXZQ==", "user"=>{"first_name"=>"Felix-Antoine", "last_name"=>"Paradis", "title"=>"Engineer", "email"=>"felix-antoine.paradis@codeboxx.biz", "password"=>"[FILTERED]", "password_confirmation"=>"[FILTERED]", "reset_password_sent_at"=>"[FILTERED]"}, "return_to"=>"http://localhost:3000/emp-dashboard/user", "_save"=>"", "model_name"=>"user"}
  [1m[35m (0.3ms)[0m  [1m[35mBEGIN[0m
  ↳ /Users/marc/.rbenv/versions/2.6.1/lib/ruby/gems/2.6.0/gems/activerecord-5.2.2/lib/active_record/log_subscriber.rb:98
  [1m[36mUser Exists (0.6ms)[0m  [1m[34mSELECT  1 AS one FROM `users` WHERE `users`.`email` = BINARY 'felix-antoine.paradis@codeboxx.biz' LIMIT 1[0m
  ↳ /Users/marc/.rbenv/versions/2.6.1/lib/ruby/gems/2.6.0/gems/activerecord-5.2.2/lib/active_record/log_subscriber.rb:98
  [1m[36mUser Create (0.7ms)[0m  [1m[32mINSERT INTO `users` (`first_name`, `last_name`, `title`, `email`, `encrypted_password`, `created_at`, `updated_at`) VALUES ('Felix-Antoine', 'Paradis', 'Engineer', 'felix-antoine.paradis@codeboxx.biz', '$2a$11$.zZdQcT2BvQk9jr7V1EPHeSgsPPhe94Rl8FRRyVA2diwcS7ckTeIC', '2019-03-14 00:27:38', '2019-03-14 00:27:38')[0m
  ↳ /Users/marc/.rbenv/versions/2.6.1/lib/ruby/gems/2.6.0/gems/activerecord-5.2.2/lib/active_record/log_subscriber.rb:98
  [1m[35m (1.2ms)[0m  [1m[35mCOMMIT[0m
  ↳ /Users/marc/.rbenv/versions/2.6.1/lib/ruby/gems/2.6.0/gems/activerecord-5.2.2/lib/active_record/log_subscriber.rb:98
Redirected to http://localhost:3000/emp-dashboard/user
Completed 302 Found in 183ms (ActiveRecord: 3.0ms)


Started GET "/emp-dashboard/user" for 127.0.0.1 at 2019-03-13 20:27:38 -0400
Processing by RailsAdmin::MainController#index as HTML
  Parameters: {"model_name"=>"user"}
  Rendering /Users/marc/.rbenv/versions/2.6.1/lib/ruby/gems/2.6.0/gems/rails_admin-1.4.2/app/views/rails_admin/main/index.html.haml within layouts/rails_admin/application
  [1m[36mUser Load (0.5ms)[0m  [1m[34mSELECT  `users`.* FROM `users` ORDER BY users.id desc LIMIT 20 OFFSET 0[0m
  ↳ /Users/marc/.rbenv/versions/2.6.1/lib/ruby/gems/2.6.0/gems/activerecord-5.2.2/lib/active_record/log_subscriber.rb:98
  Rendered /Users/marc/.rbenv/versions/2.6.1/lib/ruby/gems/2.6.0/gems/rails_admin-1.4.2/app/views/rails_admin/main/index.html.haml within layouts/rails_admin/application (70.9ms)
  Rendered /Users/marc/.rbenv/versions/2.6.1/lib/ruby/gems/2.6.0/gems/rails_admin-1.4.2/app/views/layouts/rails_admin/_secondary_navigation.html.haml (7.4ms)
  Rendered /Users/marc/.rbenv/versions/2.6.1/lib/ruby/gems/2.6.0/gems/rails_admin-1.4.2/app/views/layouts/rails_admin/_navigation.html.haml (19.2ms)
  Rendered /Users/marc/.rbenv/versions/2.6.1/lib/ruby/gems/2.6.0/gems/rails_admin-1.4.2/app/views/layouts/rails_admin/_sidebar_navigation.html.haml (15.2ms)
  Rendering /Users/marc/.rbenv/versions/2.6.1/lib/ruby/gems/2.6.0/gems/rails_admin-1.4.2/app/views/layouts/rails_admin/pjax.html.haml
  Rendered /Users/marc/.rbenv/versions/2.6.1/lib/ruby/gems/2.6.0/gems/rails_admin-1.4.2/app/views/layouts/rails_admin/pjax.html.haml (11.6ms)
Completed 200 OK in 335ms (Views: 327.1ms | ActiveRecord: 0.5ms)


Started GET "/emp-dashboard/user/new?_pjax=%5Bdata-pjax-container%5D" for 127.0.0.1 at 2019-03-13 20:27:40 -0400
Processing by RailsAdmin::MainController#new as HTML
  Parameters: {"_pjax"=>"[data-pjax-container]", "model_name"=>"user"}
  Rendering /Users/marc/.rbenv/versions/2.6.1/lib/ruby/gems/2.6.0/gems/rails_admin-1.4.2/app/views/rails_admin/main/new.html.haml within layouts/rails_admin/pjax
  Rendered /Users/marc/.rbenv/versions/2.6.1/lib/ruby/gems/2.6.0/gems/rails_admin-1.4.2/app/views/rails_admin/main/_form_field.html.haml (3.0ms)
  Rendered /Users/marc/.rbenv/versions/2.6.1/lib/ruby/gems/2.6.0/gems/rails_admin-1.4.2/app/views/rails_admin/main/_form_field.html.haml (0.7ms)
  Rendered /Users/marc/.rbenv/versions/2.6.1/lib/ruby/gems/2.6.0/gems/rails_admin-1.4.2/app/views/rails_admin/main/_form_field.html.haml (0.3ms)
  Rendered /Users/marc/.rbenv/versions/2.6.1/lib/ruby/gems/2.6.0/gems/rails_admin-1.4.2/app/views/rails_admin/main/_form_field.html.haml (0.2ms)
  Rendered /Users/marc/.rbenv/versions/2.6.1/lib/ruby/gems/2.6.0/gems/rails_admin-1.4.2/app/views/rails_admin/main/_form_field.html.haml (0.2ms)
  Rendered /Users/marc/.rbenv/versions/2.6.1/lib/ruby/gems/2.6.0/gems/rails_admin-1.4.2/app/views/rails_admin/main/_form_field.html.haml (0.2ms)
  Rendered /Users/marc/.rbenv/versions/2.6.1/lib/ruby/gems/2.6.0/gems/rails_admin-1.4.2/app/views/rails_admin/main/_form_datetime.html.haml (2.7ms)
  Rendered /Users/marc/.rbenv/versions/2.6.1/lib/ruby/gems/2.6.0/gems/rails_admin-1.4.2/app/views/rails_admin/main/_submit_buttons.html.haml (10.0ms)
  Rendered /Users/marc/.rbenv/versions/2.6.1/lib/ruby/gems/2.6.0/gems/rails_admin-1.4.2/app/views/rails_admin/main/new.html.haml within layouts/rails_admin/pjax (37.1ms)
Completed 200 OK in 60ms (Views: 50.5ms | ActiveRecord: 0.0ms)


Started POST "/emp-dashboard/user/new" for 127.0.0.1 at 2019-03-13 20:27:59 -0400
Processing by RailsAdmin::MainController#new as HTML
  Parameters: {"utf8"=>"✓", "authenticity_token"=>"4wxowVXCUhenxWGR4HXpPZniMibCxvRiy44zSiqIA95zLrjYpgWteuiVGhvh1eBLwF5LZ78VsZ70aS+/oxAiow==", "user"=>{"first_name"=>"Serge", "last_name"=>"Savoie", "title"=>"Engineer", "email"=>"serge.savoie@codeboxx.biz", "password"=>"[FILTERED]", "password_confirmation"=>"[FILTERED]", "reset_password_sent_at"=>"[FILTERED]"}, "return_to"=>"http://localhost:3000/emp-dashboard/user", "_save"=>"", "model_name"=>"user"}
  [1m[35m (0.3ms)[0m  [1m[35mBEGIN[0m
  ↳ /Users/marc/.rbenv/versions/2.6.1/lib/ruby/gems/2.6.0/gems/activerecord-5.2.2/lib/active_record/log_subscriber.rb:98
  [1m[36mUser Exists (0.5ms)[0m  [1m[34mSELECT  1 AS one FROM `users` WHERE `users`.`email` = BINARY 'serge.savoie@codeboxx.biz' LIMIT 1[0m
  ↳ /Users/marc/.rbenv/versions/2.6.1/lib/ruby/gems/2.6.0/gems/activerecord-5.2.2/lib/active_record/log_subscriber.rb:98
  [1m[36mUser Create (0.7ms)[0m  [1m[32mINSERT INTO `users` (`first_name`, `last_name`, `title`, `email`, `encrypted_password`, `created_at`, `updated_at`) VALUES ('Serge', 'Savoie', 'Engineer', 'serge.savoie@codeboxx.biz', '$2a$11$DFlgTljzFF6ahQHbktfHhOOMw6eiEgV6ulRB8.cVYGbozvM7Brm92', '2019-03-14 00:27:59', '2019-03-14 00:27:59')[0m
  ↳ /Users/marc/.rbenv/versions/2.6.1/lib/ruby/gems/2.6.0/gems/activerecord-5.2.2/lib/active_record/log_subscriber.rb:98
  [1m[35m (40.4ms)[0m  [1m[35mCOMMIT[0m
  ↳ /Users/marc/.rbenv/versions/2.6.1/lib/ruby/gems/2.6.0/gems/activerecord-5.2.2/lib/active_record/log_subscriber.rb:98
Redirected to http://localhost:3000/emp-dashboard/user
Completed 302 Found in 219ms (ActiveRecord: 42.0ms)


Started GET "/emp-dashboard/user" for 127.0.0.1 at 2019-03-13 20:27:59 -0400
Processing by RailsAdmin::MainController#index as HTML
  Parameters: {"model_name"=>"user"}
  Rendering /Users/marc/.rbenv/versions/2.6.1/lib/ruby/gems/2.6.0/gems/rails_admin-1.4.2/app/views/rails_admin/main/index.html.haml within layouts/rails_admin/application
  [1m[36mUser Load (0.5ms)[0m  [1m[34mSELECT  `users`.* FROM `users` ORDER BY users.id desc LIMIT 20 OFFSET 0[0m
  ↳ /Users/marc/.rbenv/versions/2.6.1/lib/ruby/gems/2.6.0/gems/activerecord-5.2.2/lib/active_record/log_subscriber.rb:98
  Rendered /Users/marc/.rbenv/versions/2.6.1/lib/ruby/gems/2.6.0/gems/rails_admin-1.4.2/app/views/rails_admin/main/index.html.haml within layouts/rails_admin/application (117.7ms)
  Rendered /Users/marc/.rbenv/versions/2.6.1/lib/ruby/gems/2.6.0/gems/rails_admin-1.4.2/app/views/layouts/rails_admin/_secondary_navigation.html.haml (12.5ms)
  Rendered /Users/marc/.rbenv/versions/2.6.1/lib/ruby/gems/2.6.0/gems/rails_admin-1.4.2/app/views/layouts/rails_admin/_navigation.html.haml (23.9ms)
  Rendered /Users/marc/.rbenv/versions/2.6.1/lib/ruby/gems/2.6.0/gems/rails_admin-1.4.2/app/views/layouts/rails_admin/_sidebar_navigation.html.haml (13.4ms)
  Rendering /Users/marc/.rbenv/versions/2.6.1/lib/ruby/gems/2.6.0/gems/rails_admin-1.4.2/app/views/layouts/rails_admin/pjax.html.haml
  Rendered /Users/marc/.rbenv/versions/2.6.1/lib/ruby/gems/2.6.0/gems/rails_admin-1.4.2/app/views/layouts/rails_admin/pjax.html.haml (8.9ms)
Completed 200 OK in 390ms (Views: 378.7ms | ActiveRecord: 0.5ms)


Started GET "/emp-dashboard/user/new?_pjax=%5Bdata-pjax-container%5D" for 127.0.0.1 at 2019-03-13 20:28:01 -0400
Processing by RailsAdmin::MainController#new as HTML
  Parameters: {"_pjax"=>"[data-pjax-container]", "model_name"=>"user"}
  Rendering /Users/marc/.rbenv/versions/2.6.1/lib/ruby/gems/2.6.0/gems/rails_admin-1.4.2/app/views/rails_admin/main/new.html.haml within layouts/rails_admin/pjax
  Rendered /Users/marc/.rbenv/versions/2.6.1/lib/ruby/gems/2.6.0/gems/rails_admin-1.4.2/app/views/rails_admin/main/_form_field.html.haml (1.9ms)
  Rendered /Users/marc/.rbenv/versions/2.6.1/lib/ruby/gems/2.6.0/gems/rails_admin-1.4.2/app/views/rails_admin/main/_form_field.html.haml (0.2ms)
  Rendered /Users/marc/.rbenv/versions/2.6.1/lib/ruby/gems/2.6.0/gems/rails_admin-1.4.2/app/views/rails_admin/main/_form_field.html.haml (0.2ms)
  Rendered /Users/marc/.rbenv/versions/2.6.1/lib/ruby/gems/2.6.0/gems/rails_admin-1.4.2/app/views/rails_admin/main/_form_field.html.haml (0.4ms)
  Rendered /Users/marc/.rbenv/versions/2.6.1/lib/ruby/gems/2.6.0/gems/rails_admin-1.4.2/app/views/rails_admin/main/_form_field.html.haml (0.3ms)
  Rendered /Users/marc/.rbenv/versions/2.6.1/lib/ruby/gems/2.6.0/gems/rails_admin-1.4.2/app/views/rails_admin/main/_form_field.html.haml (0.5ms)
  Rendered /Users/marc/.rbenv/versions/2.6.1/lib/ruby/gems/2.6.0/gems/rails_admin-1.4.2/app/views/rails_admin/main/_form_datetime.html.haml (3.3ms)
  Rendered /Users/marc/.rbenv/versions/2.6.1/lib/ruby/gems/2.6.0/gems/rails_admin-1.4.2/app/views/rails_admin/main/_submit_buttons.html.haml (9.0ms)
  Rendered /Users/marc/.rbenv/versions/2.6.1/lib/ruby/gems/2.6.0/gems/rails_admin-1.4.2/app/views/rails_admin/main/new.html.haml within layouts/rails_admin/pjax (38.6ms)
Completed 200 OK in 61ms (Views: 49.7ms | ActiveRecord: 0.0ms)


Started POST "/emp-dashboard/user/new" for 127.0.0.1 at 2019-03-13 20:28:23 -0400
Processing by RailsAdmin::MainController#new as HTML
  Parameters: {"utf8"=>"✓", "authenticity_token"=>"6Ry91i+3ybbfIJ9C1PA5esWiKcIeVo2NBhxzwl1GyEl5Pm3P3HA225Bw5MjVUDAMnB5Qg2OFyHE5+2831N7pNA==", "user"=>{"first_name"=>"Philippe ", "last_name"=>"Bouillon", "title"=>"Engineer", "email"=>"philippe.bouillon@codeboxx.biz", "password"=>"[FILTERED]", "password_confirmation"=>"[FILTERED]", "reset_password_sent_at"=>"[FILTERED]"}, "return_to"=>"http://localhost:3000/emp-dashboard/user", "_save"=>"", "model_name"=>"user"}
  [1m[35m (0.2ms)[0m  [1m[35mBEGIN[0m
  ↳ /Users/marc/.rbenv/versions/2.6.1/lib/ruby/gems/2.6.0/gems/activerecord-5.2.2/lib/active_record/log_subscriber.rb:98
  [1m[36mUser Exists (0.6ms)[0m  [1m[34mSELECT  1 AS one FROM `users` WHERE `users`.`email` = BINARY 'philippe.bouillon@codeboxx.biz' LIMIT 1[0m
  ↳ /Users/marc/.rbenv/versions/2.6.1/lib/ruby/gems/2.6.0/gems/activerecord-5.2.2/lib/active_record/log_subscriber.rb:98
  [1m[36mUser Create (0.6ms)[0m  [1m[32mINSERT INTO `users` (`first_name`, `last_name`, `title`, `email`, `encrypted_password`, `created_at`, `updated_at`) VALUES ('Philippe ', 'Bouillon', 'Engineer', 'philippe.bouillon@codeboxx.biz', '$2a$11$eWyhRMJcJeWt919gE2FIKeSeN8xrewmyKRThIOyd/2Lba/jsxRmI.', '2019-03-14 00:28:24', '2019-03-14 00:28:24')[0m
  ↳ /Users/marc/.rbenv/versions/2.6.1/lib/ruby/gems/2.6.0/gems/activerecord-5.2.2/lib/active_record/log_subscriber.rb:98
  [1m[35m (2.0ms)[0m  [1m[35mCOMMIT[0m
  ↳ /Users/marc/.rbenv/versions/2.6.1/lib/ruby/gems/2.6.0/gems/activerecord-5.2.2/lib/active_record/log_subscriber.rb:98
Redirected to http://localhost:3000/emp-dashboard/user
Completed 302 Found in 177ms (ActiveRecord: 3.4ms)


Started GET "/emp-dashboard/user" for 127.0.0.1 at 2019-03-13 20:28:24 -0400
Processing by RailsAdmin::MainController#index as HTML
  Parameters: {"model_name"=>"user"}
  Rendering /Users/marc/.rbenv/versions/2.6.1/lib/ruby/gems/2.6.0/gems/rails_admin-1.4.2/app/views/rails_admin/main/index.html.haml within layouts/rails_admin/application
  [1m[36mUser Load (0.6ms)[0m  [1m[34mSELECT  `users`.* FROM `users` ORDER BY users.id desc LIMIT 20 OFFSET 0[0m
  ↳ /Users/marc/.rbenv/versions/2.6.1/lib/ruby/gems/2.6.0/gems/activerecord-5.2.2/lib/active_record/log_subscriber.rb:98
  Rendered /Users/marc/.rbenv/versions/2.6.1/lib/ruby/gems/2.6.0/gems/rails_admin-1.4.2/app/views/rails_admin/main/index.html.haml within layouts/rails_admin/application (116.8ms)
  Rendered /Users/marc/.rbenv/versions/2.6.1/lib/ruby/gems/2.6.0/gems/rails_admin-1.4.2/app/views/layouts/rails_admin/_secondary_navigation.html.haml (6.8ms)
  Rendered /Users/marc/.rbenv/versions/2.6.1/lib/ruby/gems/2.6.0/gems/rails_admin-1.4.2/app/views/layouts/rails_admin/_navigation.html.haml (17.5ms)
  Rendered /Users/marc/.rbenv/versions/2.6.1/lib/ruby/gems/2.6.0/gems/rails_admin-1.4.2/app/views/layouts/rails_admin/_sidebar_navigation.html.haml (13.3ms)
  Rendering /Users/marc/.rbenv/versions/2.6.1/lib/ruby/gems/2.6.0/gems/rails_admin-1.4.2/app/views/layouts/rails_admin/pjax.html.haml
  Rendered /Users/marc/.rbenv/versions/2.6.1/lib/ruby/gems/2.6.0/gems/rails_admin-1.4.2/app/views/layouts/rails_admin/pjax.html.haml (12.8ms)
Completed 200 OK in 367ms (Views: 357.9ms | ActiveRecord: 0.6ms)


Started GET "/emp-dashboard/user/new?_pjax=%5Bdata-pjax-container%5D" for 127.0.0.1 at 2019-03-13 20:28:25 -0400
Processing by RailsAdmin::MainController#new as HTML
  Parameters: {"_pjax"=>"[data-pjax-container]", "model_name"=>"user"}
  Rendering /Users/marc/.rbenv/versions/2.6.1/lib/ruby/gems/2.6.0/gems/rails_admin-1.4.2/app/views/rails_admin/main/new.html.haml within layouts/rails_admin/pjax
  Rendered /Users/marc/.rbenv/versions/2.6.1/lib/ruby/gems/2.6.0/gems/rails_admin-1.4.2/app/views/rails_admin/main/_form_field.html.haml (2.2ms)
  Rendered /Users/marc/.rbenv/versions/2.6.1/lib/ruby/gems/2.6.0/gems/rails_admin-1.4.2/app/views/rails_admin/main/_form_field.html.haml (0.2ms)
  Rendered /Users/marc/.rbenv/versions/2.6.1/lib/ruby/gems/2.6.0/gems/rails_admin-1.4.2/app/views/rails_admin/main/_form_field.html.haml (0.2ms)
  Rendered /Users/marc/.rbenv/versions/2.6.1/lib/ruby/gems/2.6.0/gems/rails_admin-1.4.2/app/views/rails_admin/main/_form_field.html.haml (0.2ms)
  Rendered /Users/marc/.rbenv/versions/2.6.1/lib/ruby/gems/2.6.0/gems/rails_admin-1.4.2/app/views/rails_admin/main/_form_field.html.haml (0.2ms)
  Rendered /Users/marc/.rbenv/versions/2.6.1/lib/ruby/gems/2.6.0/gems/rails_admin-1.4.2/app/views/rails_admin/main/_form_field.html.haml (0.4ms)
  Rendered /Users/marc/.rbenv/versions/2.6.1/lib/ruby/gems/2.6.0/gems/rails_admin-1.4.2/app/views/rails_admin/main/_form_datetime.html.haml (3.8ms)
  Rendered /Users/marc/.rbenv/versions/2.6.1/lib/ruby/gems/2.6.0/gems/rails_admin-1.4.2/app/views/rails_admin/main/_submit_buttons.html.haml (8.5ms)
  Rendered /Users/marc/.rbenv/versions/2.6.1/lib/ruby/gems/2.6.0/gems/rails_admin-1.4.2/app/views/rails_admin/main/new.html.haml within layouts/rails_admin/pjax (38.8ms)
Completed 200 OK in 61ms (Views: 52.2ms | ActiveRecord: 0.0ms)


Started POST "/emp-dashboard/user/new" for 127.0.0.1 at 2019-03-13 20:28:37 -0400
Processing by RailsAdmin::MainController#new as HTML
  Parameters: {"utf8"=>"✓", "authenticity_token"=>"k/0ZhTXxJ0QgVKTGJefgrADWP8CKlfAaFDDyVhYWV/YD38mcxjbYKW8E30wkR+naWWpGgfdGteYr1+6jn452iw==", "user"=>{"first_name"=>"Mat", "last_name"=>"", "title"=>"Comm Rep", "email"=>"", "password"=>"[FILTERED]", "password_confirmation"=>"[FILTERED]", "reset_password_sent_at"=>"[FILTERED]"}, "return_to"=>"http://localhost:3000/emp-dashboard/user", "_save"=>"", "model_name"=>"user"}
  [1m[35m (0.3ms)[0m  [1m[35mBEGIN[0m
  ↳ /Users/marc/.rbenv/versions/2.6.1/lib/ruby/gems/2.6.0/gems/activerecord-5.2.2/lib/active_record/log_subscriber.rb:98
  [1m[35m (0.2ms)[0m  [1m[31mROLLBACK[0m
  ↳ /Users/marc/.rbenv/versions/2.6.1/lib/ruby/gems/2.6.0/gems/activerecord-5.2.2/lib/active_record/log_subscriber.rb:98
  Rendering /Users/marc/.rbenv/versions/2.6.1/lib/ruby/gems/2.6.0/gems/rails_admin-1.4.2/app/views/rails_admin/main/new.html.haml within layouts/rails_admin/application
  Rendered /Users/marc/.rbenv/versions/2.6.1/lib/ruby/gems/2.6.0/gems/rails_admin-1.4.2/app/views/rails_admin/main/_form_field.html.haml (1.8ms)
  Rendered /Users/marc/.rbenv/versions/2.6.1/lib/ruby/gems/2.6.0/gems/rails_admin-1.4.2/app/views/rails_admin/main/_form_field.html.haml (0.3ms)
  Rendered /Users/marc/.rbenv/versions/2.6.1/lib/ruby/gems/2.6.0/gems/rails_admin-1.4.2/app/views/rails_admin/main/_form_field.html.haml (0.3ms)
  Rendered /Users/marc/.rbenv/versions/2.6.1/lib/ruby/gems/2.6.0/gems/rails_admin-1.4.2/app/views/rails_admin/main/_form_field.html.haml (0.2ms)
  Rendered /Users/marc/.rbenv/versions/2.6.1/lib/ruby/gems/2.6.0/gems/rails_admin-1.4.2/app/views/rails_admin/main/_form_field.html.haml (0.2ms)
  Rendered /Users/marc/.rbenv/versions/2.6.1/lib/ruby/gems/2.6.0/gems/rails_admin-1.4.2/app/views/rails_admin/main/_form_field.html.haml (0.2ms)
  Rendered /Users/marc/.rbenv/versions/2.6.1/lib/ruby/gems/2.6.0/gems/rails_admin-1.4.2/app/views/rails_admin/main/_form_datetime.html.haml (2.6ms)
  Rendered /Users/marc/.rbenv/versions/2.6.1/lib/ruby/gems/2.6.0/gems/rails_admin-1.4.2/app/views/rails_admin/main/_submit_buttons.html.haml (9.9ms)
  Rendered /Users/marc/.rbenv/versions/2.6.1/lib/ruby/gems/2.6.0/gems/rails_admin-1.4.2/app/views/rails_admin/main/new.html.haml within layouts/rails_admin/application (39.1ms)
  Rendered /Users/marc/.rbenv/versions/2.6.1/lib/ruby/gems/2.6.0/gems/rails_admin-1.4.2/app/views/layouts/rails_admin/_secondary_navigation.html.haml (7.5ms)
  Rendered /Users/marc/.rbenv/versions/2.6.1/lib/ruby/gems/2.6.0/gems/rails_admin-1.4.2/app/views/layouts/rails_admin/_navigation.html.haml (24.9ms)
  Rendered /Users/marc/.rbenv/versions/2.6.1/lib/ruby/gems/2.6.0/gems/rails_admin-1.4.2/app/views/layouts/rails_admin/_sidebar_navigation.html.haml (12.7ms)
  Rendering /Users/marc/.rbenv/versions/2.6.1/lib/ruby/gems/2.6.0/gems/rails_admin-1.4.2/app/views/layouts/rails_admin/pjax.html.haml
  Rendered /Users/marc/.rbenv/versions/2.6.1/lib/ruby/gems/2.6.0/gems/rails_admin-1.4.2/app/views/layouts/rails_admin/pjax.html.haml (7.8ms)
Completed 406 Not Acceptable in 480ms (Views: 307.1ms | ActiveRecord: 0.5ms)


Started POST "/emp-dashboard/user/new" for 127.0.0.1 at 2019-03-13 20:28:59 -0400
Processing by RailsAdmin::MainController#new as HTML
  Parameters: {"utf8"=>"✓", "authenticity_token"=>"FMlCItYO9XEu44DOk3z6QrwfmTRSjxapv0hfOfNe/8J7anQghNTApQ9x3QNK0dZNoIqBBzfLI57Dff4a6Dv1yA==", "user"=>{"first_name"=>"Mathieu", "last_name"=>"Lefrancois", "title"=>"Engineer", "email"=>"mathieu.lefrancois@codeboxx.biz", "password"=>"[FILTERED]", "password_confirmation"=>"[FILTERED]", "reset_password_sent_at"=>"[FILTERED]"}, "return_to"=>"http://localhost:3000/emp-dashboard/user", "_save"=>"", "model_name"=>"user"}
  [1m[35m (0.4ms)[0m  [1m[35mBEGIN[0m
  ↳ /Users/marc/.rbenv/versions/2.6.1/lib/ruby/gems/2.6.0/gems/activerecord-5.2.2/lib/active_record/log_subscriber.rb:98
  [1m[36mUser Exists (0.6ms)[0m  [1m[34mSELECT  1 AS one FROM `users` WHERE `users`.`email` = BINARY 'mathieu.lefrancois@codeboxx.biz' LIMIT 1[0m
  ↳ /Users/marc/.rbenv/versions/2.6.1/lib/ruby/gems/2.6.0/gems/activerecord-5.2.2/lib/active_record/log_subscriber.rb:98
  [1m[36mUser Create (0.8ms)[0m  [1m[32mINSERT INTO `users` (`first_name`, `last_name`, `title`, `email`, `encrypted_password`, `created_at`, `updated_at`) VALUES ('Mathieu', 'Lefrancois', 'Engineer', 'mathieu.lefrancois@codeboxx.biz', '$2a$11$rvDRBciec3E7D0uX44p3OuGHgduDRQwPvEjLyg..40NOw/weDcXcG', '2019-03-14 00:29:00', '2019-03-14 00:29:00')[0m
  ↳ /Users/marc/.rbenv/versions/2.6.1/lib/ruby/gems/2.6.0/gems/activerecord-5.2.2/lib/active_record/log_subscriber.rb:98
  [1m[35m (1.3ms)[0m  [1m[35mCOMMIT[0m
  ↳ /Users/marc/.rbenv/versions/2.6.1/lib/ruby/gems/2.6.0/gems/activerecord-5.2.2/lib/active_record/log_subscriber.rb:98
Redirected to http://localhost:3000/emp-dashboard/user
Completed 302 Found in 179ms (ActiveRecord: 3.1ms)


Started GET "/emp-dashboard/user" for 127.0.0.1 at 2019-03-13 20:29:00 -0400
Processing by RailsAdmin::MainController#index as HTML
  Parameters: {"model_name"=>"user"}
  Rendering /Users/marc/.rbenv/versions/2.6.1/lib/ruby/gems/2.6.0/gems/rails_admin-1.4.2/app/views/rails_admin/main/index.html.haml within layouts/rails_admin/application
  [1m[36mUser Load (0.5ms)[0m  [1m[34mSELECT  `users`.* FROM `users` ORDER BY users.id desc LIMIT 20 OFFSET 0[0m
  ↳ /Users/marc/.rbenv/versions/2.6.1/lib/ruby/gems/2.6.0/gems/activerecord-5.2.2/lib/active_record/log_subscriber.rb:98
  Rendered /Users/marc/.rbenv/versions/2.6.1/lib/ruby/gems/2.6.0/gems/rails_admin-1.4.2/app/views/rails_admin/main/index.html.haml within layouts/rails_admin/application (87.7ms)
  Rendered /Users/marc/.rbenv/versions/2.6.1/lib/ruby/gems/2.6.0/gems/rails_admin-1.4.2/app/views/layouts/rails_admin/_secondary_navigation.html.haml (8.1ms)
  Rendered /Users/marc/.rbenv/versions/2.6.1/lib/ruby/gems/2.6.0/gems/rails_admin-1.4.2/app/views/layouts/rails_admin/_navigation.html.haml (20.6ms)
  Rendered /Users/marc/.rbenv/versions/2.6.1/lib/ruby/gems/2.6.0/gems/rails_admin-1.4.2/app/views/layouts/rails_admin/_sidebar_navigation.html.haml (12.9ms)
  Rendering /Users/marc/.rbenv/versions/2.6.1/lib/ruby/gems/2.6.0/gems/rails_admin-1.4.2/app/views/layouts/rails_admin/pjax.html.haml
  Rendered /Users/marc/.rbenv/versions/2.6.1/lib/ruby/gems/2.6.0/gems/rails_admin-1.4.2/app/views/layouts/rails_admin/pjax.html.haml (8.6ms)
Completed 200 OK in 418ms (Views: 407.5ms | ActiveRecord: 0.5ms)


Started GET "/emp-dashboard/user/new?_pjax=%5Bdata-pjax-container%5D" for 127.0.0.1 at 2019-03-13 20:29:04 -0400
Processing by RailsAdmin::MainController#new as HTML
  Parameters: {"_pjax"=>"[data-pjax-container]", "model_name"=>"user"}
  Rendering /Users/marc/.rbenv/versions/2.6.1/lib/ruby/gems/2.6.0/gems/rails_admin-1.4.2/app/views/rails_admin/main/new.html.haml within layouts/rails_admin/pjax
  Rendered /Users/marc/.rbenv/versions/2.6.1/lib/ruby/gems/2.6.0/gems/rails_admin-1.4.2/app/views/rails_admin/main/_form_field.html.haml (2.7ms)
  Rendered /Users/marc/.rbenv/versions/2.6.1/lib/ruby/gems/2.6.0/gems/rails_admin-1.4.2/app/views/rails_admin/main/_form_field.html.haml (0.2ms)
  Rendered /Users/marc/.rbenv/versions/2.6.1/lib/ruby/gems/2.6.0/gems/rails_admin-1.4.2/app/views/rails_admin/main/_form_field.html.haml (0.2ms)
  Rendered /Users/marc/.rbenv/versions/2.6.1/lib/ruby/gems/2.6.0/gems/rails_admin-1.4.2/app/views/rails_admin/main/_form_field.html.haml (0.2ms)
  Rendered /Users/marc/.rbenv/versions/2.6.1/lib/ruby/gems/2.6.0/gems/rails_admin-1.4.2/app/views/rails_admin/main/_form_field.html.haml (0.2ms)
  Rendered /Users/marc/.rbenv/versions/2.6.1/lib/ruby/gems/2.6.0/gems/rails_admin-1.4.2/app/views/rails_admin/main/_form_field.html.haml (0.4ms)
  Rendered /Users/marc/.rbenv/versions/2.6.1/lib/ruby/gems/2.6.0/gems/rails_admin-1.4.2/app/views/rails_admin/main/_form_datetime.html.haml (3.7ms)
  Rendered /Users/marc/.rbenv/versions/2.6.1/lib/ruby/gems/2.6.0/gems/rails_admin-1.4.2/app/views/rails_admin/main/_submit_buttons.html.haml (9.1ms)
  Rendered /Users/marc/.rbenv/versions/2.6.1/lib/ruby/gems/2.6.0/gems/rails_admin-1.4.2/app/views/rails_admin/main/new.html.haml within layouts/rails_admin/pjax (40.7ms)
Completed 200 OK in 62ms (Views: 53.2ms | ActiveRecord: 0.0ms)


Started POST "/emp-dashboard/user/new" for 127.0.0.1 at 2019-03-13 20:29:13 -0400
Processing by RailsAdmin::MainController#new as HTML
  Parameters: {"utf8"=>"✓", "authenticity_token"=>"vZdjzDrX5JP1Ty5fTyESyBqzbKILALdiolL7jlMYycgttbPVyRAb/rofVdVOgRu+Qw8V43bT8p6dted72oDotQ==", "user"=>{"first_name"=>"Mathieu", "last_name"=>"Houde", "title"=>"Engineer", "email"=>"", "password"=>"[FILTERED]", "password_confirmation"=>"[FILTERED]", "reset_password_sent_at"=>"[FILTERED]"}, "return_to"=>"http://localhost:3000/emp-dashboard/user", "_save"=>"", "model_name"=>"user"}
  [1m[35m (0.3ms)[0m  [1m[35mBEGIN[0m
  ↳ /Users/marc/.rbenv/versions/2.6.1/lib/ruby/gems/2.6.0/gems/activerecord-5.2.2/lib/active_record/log_subscriber.rb:98
  [1m[35m (0.2ms)[0m  [1m[31mROLLBACK[0m
  ↳ /Users/marc/.rbenv/versions/2.6.1/lib/ruby/gems/2.6.0/gems/activerecord-5.2.2/lib/active_record/log_subscriber.rb:98
  Rendering /Users/marc/.rbenv/versions/2.6.1/lib/ruby/gems/2.6.0/gems/rails_admin-1.4.2/app/views/rails_admin/main/new.html.haml within layouts/rails_admin/application
  Rendered /Users/marc/.rbenv/versions/2.6.1/lib/ruby/gems/2.6.0/gems/rails_admin-1.4.2/app/views/rails_admin/main/_form_field.html.haml (2.3ms)
  Rendered /Users/marc/.rbenv/versions/2.6.1/lib/ruby/gems/2.6.0/gems/rails_admin-1.4.2/app/views/rails_admin/main/_form_field.html.haml (0.2ms)
  Rendered /Users/marc/.rbenv/versions/2.6.1/lib/ruby/gems/2.6.0/gems/rails_admin-1.4.2/app/views/rails_admin/main/_form_field.html.haml (0.2ms)
  Rendered /Users/marc/.rbenv/versions/2.6.1/lib/ruby/gems/2.6.0/gems/rails_admin-1.4.2/app/views/rails_admin/main/_form_field.html.haml (0.3ms)
  Rendered /Users/marc/.rbenv/versions/2.6.1/lib/ruby/gems/2.6.0/gems/rails_admin-1.4.2/app/views/rails_admin/main/_form_field.html.haml (0.6ms)
  Rendered /Users/marc/.rbenv/versions/2.6.1/lib/ruby/gems/2.6.0/gems/rails_admin-1.4.2/app/views/rails_admin/main/_form_field.html.haml (0.3ms)
  Rendered /Users/marc/.rbenv/versions/2.6.1/lib/ruby/gems/2.6.0/gems/rails_admin-1.4.2/app/views/rails_admin/main/_form_datetime.html.haml (2.6ms)
  Rendered /Users/marc/.rbenv/versions/2.6.1/lib/ruby/gems/2.6.0/gems/rails_admin-1.4.2/app/views/rails_admin/main/_submit_buttons.html.haml (12.0ms)
  Rendered /Users/marc/.rbenv/versions/2.6.1/lib/ruby/gems/2.6.0/gems/rails_admin-1.4.2/app/views/rails_admin/main/new.html.haml within layouts/rails_admin/application (39.2ms)
  Rendered /Users/marc/.rbenv/versions/2.6.1/lib/ruby/gems/2.6.0/gems/rails_admin-1.4.2/app/views/layouts/rails_admin/_secondary_navigation.html.haml (7.0ms)
  Rendered /Users/marc/.rbenv/versions/2.6.1/lib/ruby/gems/2.6.0/gems/rails_admin-1.4.2/app/views/layouts/rails_admin/_navigation.html.haml (18.2ms)
  Rendered /Users/marc/.rbenv/versions/2.6.1/lib/ruby/gems/2.6.0/gems/rails_admin-1.4.2/app/views/layouts/rails_admin/_sidebar_navigation.html.haml (8.1ms)
  Rendering /Users/marc/.rbenv/versions/2.6.1/lib/ruby/gems/2.6.0/gems/rails_admin-1.4.2/app/views/layouts/rails_admin/pjax.html.haml
  Rendered /Users/marc/.rbenv/versions/2.6.1/lib/ruby/gems/2.6.0/gems/rails_admin-1.4.2/app/views/layouts/rails_admin/pjax.html.haml (9.2ms)
Completed 406 Not Acceptable in 464ms (Views: 290.3ms | ActiveRecord: 0.5ms)


Started POST "/emp-dashboard/user/new" for 127.0.0.1 at 2019-03-13 20:29:37 -0400
Processing by RailsAdmin::MainController#new as HTML
  Parameters: {"utf8"=>"✓", "authenticity_token"=>"L2TAk+yQaXk7hTP8cyJg6ptW5WuslJVqOQV1KEd/MlRAx/aRvkpcrRoXbjGqj0zlh8P9WMnQoF1FMNQLXBo4Xg==", "user"=>{"first_name"=>"Mathieu", "last_name"=>"Houde", "title"=>"Engineer", "email"=>"mathieu.houde@codeboxx.biz", "password"=>"[FILTERED]", "password_confirmation"=>"[FILTERED]", "reset_password_sent_at"=>"[FILTERED]"}, "return_to"=>"http://localhost:3000/emp-dashboard/user", "_save"=>"", "model_name"=>"user"}
  [1m[35m (0.3ms)[0m  [1m[35mBEGIN[0m
  ↳ /Users/marc/.rbenv/versions/2.6.1/lib/ruby/gems/2.6.0/gems/activerecord-5.2.2/lib/active_record/log_subscriber.rb:98
  [1m[36mUser Exists (0.7ms)[0m  [1m[34mSELECT  1 AS one FROM `users` WHERE `users`.`email` = BINARY 'mathieu.houde@codeboxx.biz' LIMIT 1[0m
  ↳ /Users/marc/.rbenv/versions/2.6.1/lib/ruby/gems/2.6.0/gems/activerecord-5.2.2/lib/active_record/log_subscriber.rb:98
  [1m[36mUser Create (0.5ms)[0m  [1m[32mINSERT INTO `users` (`first_name`, `last_name`, `title`, `email`, `encrypted_password`, `created_at`, `updated_at`) VALUES ('Mathieu', 'Houde', 'Engineer', 'mathieu.houde@codeboxx.biz', '$2a$11$9t4TRA8.XHn41qpNnUAyt.ngfpxTq6GFGt.8psDRt0YMu4/0wufGW', '2019-03-14 00:29:37', '2019-03-14 00:29:37')[0m
  ↳ /Users/marc/.rbenv/versions/2.6.1/lib/ruby/gems/2.6.0/gems/activerecord-5.2.2/lib/active_record/log_subscriber.rb:98
  [1m[35m (0.9ms)[0m  [1m[35mCOMMIT[0m
  ↳ /Users/marc/.rbenv/versions/2.6.1/lib/ruby/gems/2.6.0/gems/activerecord-5.2.2/lib/active_record/log_subscriber.rb:98
Redirected to http://localhost:3000/emp-dashboard/user
Completed 302 Found in 185ms (ActiveRecord: 2.4ms)


Started GET "/emp-dashboard/user" for 127.0.0.1 at 2019-03-13 20:29:37 -0400
Processing by RailsAdmin::MainController#index as HTML
  Parameters: {"model_name"=>"user"}
  Rendering /Users/marc/.rbenv/versions/2.6.1/lib/ruby/gems/2.6.0/gems/rails_admin-1.4.2/app/views/rails_admin/main/index.html.haml within layouts/rails_admin/application
  [1m[36mUser Load (7.7ms)[0m  [1m[34mSELECT  `users`.* FROM `users` ORDER BY users.id desc LIMIT 20 OFFSET 0[0m
  ↳ /Users/marc/.rbenv/versions/2.6.1/lib/ruby/gems/2.6.0/gems/activerecord-5.2.2/lib/active_record/log_subscriber.rb:98
  Rendered /Users/marc/.rbenv/versions/2.6.1/lib/ruby/gems/2.6.0/gems/rails_admin-1.4.2/app/views/rails_admin/main/index.html.haml within layouts/rails_admin/application (99.1ms)
  Rendered /Users/marc/.rbenv/versions/2.6.1/lib/ruby/gems/2.6.0/gems/rails_admin-1.4.2/app/views/layouts/rails_admin/_secondary_navigation.html.haml (7.3ms)
  Rendered /Users/marc/.rbenv/versions/2.6.1/lib/ruby/gems/2.6.0/gems/rails_admin-1.4.2/app/views/layouts/rails_admin/_navigation.html.haml (18.6ms)
  Rendered /Users/marc/.rbenv/versions/2.6.1/lib/ruby/gems/2.6.0/gems/rails_admin-1.4.2/app/views/layouts/rails_admin/_sidebar_navigation.html.haml (47.6ms)
  Rendering /Users/marc/.rbenv/versions/2.6.1/lib/ruby/gems/2.6.0/gems/rails_admin-1.4.2/app/views/layouts/rails_admin/pjax.html.haml
  Rendered /Users/marc/.rbenv/versions/2.6.1/lib/ruby/gems/2.6.0/gems/rails_admin-1.4.2/app/views/layouts/rails_admin/pjax.html.haml (6.4ms)
Completed 200 OK in 385ms (Views: 370.2ms | ActiveRecord: 7.7ms)


Started GET "/emp-dashboard/user/new?_pjax=%5Bdata-pjax-container%5D" for 127.0.0.1 at 2019-03-13 20:29:39 -0400
Processing by RailsAdmin::MainController#new as HTML
  Parameters: {"_pjax"=>"[data-pjax-container]", "model_name"=>"user"}
  Rendering /Users/marc/.rbenv/versions/2.6.1/lib/ruby/gems/2.6.0/gems/rails_admin-1.4.2/app/views/rails_admin/main/new.html.haml within layouts/rails_admin/pjax
  Rendered /Users/marc/.rbenv/versions/2.6.1/lib/ruby/gems/2.6.0/gems/rails_admin-1.4.2/app/views/rails_admin/main/_form_field.html.haml (3.2ms)
  Rendered /Users/marc/.rbenv/versions/2.6.1/lib/ruby/gems/2.6.0/gems/rails_admin-1.4.2/app/views/rails_admin/main/_form_field.html.haml (0.2ms)
  Rendered /Users/marc/.rbenv/versions/2.6.1/lib/ruby/gems/2.6.0/gems/rails_admin-1.4.2/app/views/rails_admin/main/_form_field.html.haml (0.4ms)
  Rendered /Users/marc/.rbenv/versions/2.6.1/lib/ruby/gems/2.6.0/gems/rails_admin-1.4.2/app/views/rails_admin/main/_form_field.html.haml (0.3ms)
  Rendered /Users/marc/.rbenv/versions/2.6.1/lib/ruby/gems/2.6.0/gems/rails_admin-1.4.2/app/views/rails_admin/main/_form_field.html.haml (0.3ms)
  Rendered /Users/marc/.rbenv/versions/2.6.1/lib/ruby/gems/2.6.0/gems/rails_admin-1.4.2/app/views/rails_admin/main/_form_field.html.haml (0.2ms)
  Rendered /Users/marc/.rbenv/versions/2.6.1/lib/ruby/gems/2.6.0/gems/rails_admin-1.4.2/app/views/rails_admin/main/_form_datetime.html.haml (3.3ms)
  Rendered /Users/marc/.rbenv/versions/2.6.1/lib/ruby/gems/2.6.0/gems/rails_admin-1.4.2/app/views/rails_admin/main/_submit_buttons.html.haml (7.6ms)
  Rendered /Users/marc/.rbenv/versions/2.6.1/lib/ruby/gems/2.6.0/gems/rails_admin-1.4.2/app/views/rails_admin/main/new.html.haml within layouts/rails_admin/pjax (40.5ms)
Completed 200 OK in 60ms (Views: 50.7ms | ActiveRecord: 0.0ms)


Started POST "/emp-dashboard/user/new" for 127.0.0.1 at 2019-03-13 20:30:04 -0400
Processing by RailsAdmin::MainController#new as HTML
  Parameters: {"utf8"=>"✓", "authenticity_token"=>"hwNW4wqyZTs4Ea633kiwVRXeNr4ujBhgY2ccL1ZjjwwXIYb6+XWaVndB1T3f6LkjTGJP/1NfXZxcgADa3/uucQ==", "user"=>{"first_name"=>"Remi ", "last_name"=>"Gagnon", "title"=>"Engineer", "email"=>"remi.gagnon@codeboxx.biz", "password"=>"[FILTERED]", "password_confirmation"=>"[FILTERED]", "reset_password_sent_at"=>"[FILTERED]"}, "return_to"=>"http://localhost:3000/emp-dashboard/user", "_save"=>"", "model_name"=>"user"}
  [1m[35m (0.4ms)[0m  [1m[35mBEGIN[0m
  ↳ /Users/marc/.rbenv/versions/2.6.1/lib/ruby/gems/2.6.0/gems/activerecord-5.2.2/lib/active_record/log_subscriber.rb:98
  [1m[36mUser Exists (0.7ms)[0m  [1m[34mSELECT  1 AS one FROM `users` WHERE `users`.`email` = BINARY 'remi.gagnon@codeboxx.biz' LIMIT 1[0m
  ↳ /Users/marc/.rbenv/versions/2.6.1/lib/ruby/gems/2.6.0/gems/activerecord-5.2.2/lib/active_record/log_subscriber.rb:98
  [1m[36mUser Create (0.9ms)[0m  [1m[32mINSERT INTO `users` (`first_name`, `last_name`, `title`, `email`, `encrypted_password`, `created_at`, `updated_at`) VALUES ('Remi ', 'Gagnon', 'Engineer', 'remi.gagnon@codeboxx.biz', '$2a$11$jmfm51/kkHmtFnV3yU7DXuNnuP29WuDyzVEufHrWZ9FMECLVWVfDW', '2019-03-14 00:30:05', '2019-03-14 00:30:05')[0m
  ↳ /Users/marc/.rbenv/versions/2.6.1/lib/ruby/gems/2.6.0/gems/activerecord-5.2.2/lib/active_record/log_subscriber.rb:98
  [1m[35m (1.1ms)[0m  [1m[35mCOMMIT[0m
  ↳ /Users/marc/.rbenv/versions/2.6.1/lib/ruby/gems/2.6.0/gems/activerecord-5.2.2/lib/active_record/log_subscriber.rb:98
Redirected to http://localhost:3000/emp-dashboard/user
Completed 302 Found in 177ms (ActiveRecord: 3.1ms)


Started GET "/emp-dashboard/user" for 127.0.0.1 at 2019-03-13 20:30:05 -0400
Processing by RailsAdmin::MainController#index as HTML
  Parameters: {"model_name"=>"user"}
  Rendering /Users/marc/.rbenv/versions/2.6.1/lib/ruby/gems/2.6.0/gems/rails_admin-1.4.2/app/views/rails_admin/main/index.html.haml within layouts/rails_admin/application
  [1m[36mUser Load (0.5ms)[0m  [1m[34mSELECT  `users`.* FROM `users` ORDER BY users.id desc LIMIT 20 OFFSET 0[0m
  ↳ /Users/marc/.rbenv/versions/2.6.1/lib/ruby/gems/2.6.0/gems/activerecord-5.2.2/lib/active_record/log_subscriber.rb:98
  Rendered /Users/marc/.rbenv/versions/2.6.1/lib/ruby/gems/2.6.0/gems/rails_admin-1.4.2/app/views/rails_admin/main/index.html.haml within layouts/rails_admin/application (97.2ms)
  Rendered /Users/marc/.rbenv/versions/2.6.1/lib/ruby/gems/2.6.0/gems/rails_admin-1.4.2/app/views/layouts/rails_admin/_secondary_navigation.html.haml (4.3ms)
  Rendered /Users/marc/.rbenv/versions/2.6.1/lib/ruby/gems/2.6.0/gems/rails_admin-1.4.2/app/views/layouts/rails_admin/_navigation.html.haml (12.3ms)
  Rendered /Users/marc/.rbenv/versions/2.6.1/lib/ruby/gems/2.6.0/gems/rails_admin-1.4.2/app/views/layouts/rails_admin/_sidebar_navigation.html.haml (6.9ms)
  Rendering /Users/marc/.rbenv/versions/2.6.1/lib/ruby/gems/2.6.0/gems/rails_admin-1.4.2/app/views/layouts/rails_admin/pjax.html.haml
  Rendered /Users/marc/.rbenv/versions/2.6.1/lib/ruby/gems/2.6.0/gems/rails_admin-1.4.2/app/views/layouts/rails_admin/pjax.html.haml (6.7ms)
Completed 200 OK in 380ms (Views: 370.0ms | ActiveRecord: 0.5ms)


Started GET "/emp-dashboard/address?_pjax=%5Bdata-pjax-container%5D" for 127.0.0.1 at 2019-03-13 20:30:13 -0400
Processing by RailsAdmin::MainController#index as HTML
  Parameters: {"_pjax"=>"[data-pjax-container]", "model_name"=>"address"}
  Rendering /Users/marc/.rbenv/versions/2.6.1/lib/ruby/gems/2.6.0/gems/rails_admin-1.4.2/app/views/rails_admin/main/index.html.haml within layouts/rails_admin/pjax
  [1m[36mAddress Load (0.5ms)[0m  [1m[34mSELECT  `addresses`.* FROM `addresses` ORDER BY addresses.id desc LIMIT 20 OFFSET 0[0m
  ↳ /Users/marc/.rbenv/versions/2.6.1/lib/ruby/gems/2.6.0/gems/activerecord-5.2.2/lib/active_record/log_subscriber.rb:98
  Rendered /Users/marc/.rbenv/versions/2.6.1/lib/ruby/gems/2.6.0/gems/rails_admin-1.4.2/app/views/rails_admin/main/index.html.haml within layouts/rails_admin/pjax (35.7ms)
Completed 200 OK in 94ms (Views: 44.6ms | ActiveRecord: 27.8ms)


Started GET "/emp-dashboard/address" for 127.0.0.1 at 2019-03-13 20:36:43 -0400
  [1m[35m (1.0ms)[0m  [1m[35mSET NAMES utf8,  @@SESSION.sql_mode = CONCAT(CONCAT(@@sql_mode, ',STRICT_ALL_TABLES'), ',NO_AUTO_VALUE_ON_ZERO'),  @@SESSION.sql_auto_is_null = 0, @@SESSION.wait_timeout = 2147483[0m
  ↳ /Users/marc/.rbenv/versions/2.6.1/lib/ruby/gems/2.6.0/gems/activerecord-5.2.2/lib/active_record/log_subscriber.rb:98
Processing by RailsAdmin::MainController#index as HTML
  Parameters: {"model_name"=>"address"}
  Rendering /Users/marc/.rbenv/versions/2.6.1/lib/ruby/gems/2.6.0/gems/rails_admin-1.4.2/app/views/rails_admin/main/index.html.haml within layouts/rails_admin/application
  [1m[36mAddress Load (0.7ms)[0m  [1m[34mSELECT  `addresses`.* FROM `addresses` ORDER BY addresses.id desc LIMIT 20 OFFSET 0[0m
  ↳ /Users/marc/.rbenv/versions/2.6.1/lib/ruby/gems/2.6.0/gems/activerecord-5.2.2/lib/active_record/log_subscriber.rb:98
  [1m[35m (0.7ms)[0m  [1m[34mSELECT COUNT(*) FROM `addresses`[0m
  ↳ /Users/marc/.rbenv/versions/2.6.1/lib/ruby/gems/2.6.0/gems/activerecord-5.2.2/lib/active_record/log_subscriber.rb:98
  Rendered /Users/marc/.rbenv/versions/2.6.1/lib/ruby/gems/2.6.0/gems/rails_admin-1.4.2/app/views/rails_admin/main/index.html.haml within layouts/rails_admin/application (179.0ms)
  Rendered /Users/marc/.rbenv/versions/2.6.1/lib/ruby/gems/2.6.0/gems/rails_admin-1.4.2/app/views/layouts/rails_admin/_secondary_navigation.html.haml (7.9ms)
  Rendered /Users/marc/.rbenv/versions/2.6.1/lib/ruby/gems/2.6.0/gems/rails_admin-1.4.2/app/views/layouts/rails_admin/_navigation.html.haml (20.1ms)
  Rendered /Users/marc/.rbenv/versions/2.6.1/lib/ruby/gems/2.6.0/gems/rails_admin-1.4.2/app/views/layouts/rails_admin/_sidebar_navigation.html.haml (16.4ms)
  Rendering /Users/marc/.rbenv/versions/2.6.1/lib/ruby/gems/2.6.0/gems/rails_admin-1.4.2/app/views/layouts/rails_admin/pjax.html.haml
  Rendered /Users/marc/.rbenv/versions/2.6.1/lib/ruby/gems/2.6.0/gems/rails_admin-1.4.2/app/views/layouts/rails_admin/pjax.html.haml (18.8ms)
Completed 200 OK in 478ms (Views: 467.5ms | ActiveRecord: 3.5ms)


Started GET "/emp-dashboard/building?_pjax=%5Bdata-pjax-container%5D" for 127.0.0.1 at 2019-03-13 20:36:45 -0400
Processing by RailsAdmin::MainController#index as HTML
  Parameters: {"_pjax"=>"[data-pjax-container]", "model_name"=>"building"}
  Rendering /Users/marc/.rbenv/versions/2.6.1/lib/ruby/gems/2.6.0/gems/rails_admin-1.4.2/app/views/rails_admin/main/index.html.haml within layouts/rails_admin/pjax
  [1m[36mBuilding Load (0.7ms)[0m  [1m[34mSELECT  `buildings`.* FROM `buildings` ORDER BY buildings.id desc LIMIT 20 OFFSET 0[0m
  ↳ /Users/marc/.rbenv/versions/2.6.1/lib/ruby/gems/2.6.0/gems/activerecord-5.2.2/lib/active_record/log_subscriber.rb:98
  [1m[36mAddress Load (0.7ms)[0m  [1m[34mSELECT `addresses`.* FROM `addresses` WHERE `addresses`.`id` IN (200, 199, 198, 197, 196, 195, 194, 193, 192, 191, 190, 189, 188, 187, 186, 185, 184, 183, 182, 181)[0m
  ↳ /Users/marc/.rbenv/versions/2.6.1/lib/ruby/gems/2.6.0/gems/activerecord-5.2.2/lib/active_record/log_subscriber.rb:98
  [1m[36mCustomer Load (1.1ms)[0m  [1m[34mSELECT `customers`.* FROM `customers` WHERE `customers`.`id` IN (200, 199, 198, 197, 196, 195, 194, 193, 192, 191, 190, 189, 188, 187, 186, 185, 184, 183, 182, 181)[0m
  ↳ /Users/marc/.rbenv/versions/2.6.1/lib/ruby/gems/2.6.0/gems/activerecord-5.2.2/lib/active_record/log_subscriber.rb:98
  [1m[35m (0.5ms)[0m  [1m[34mSELECT COUNT(*) FROM `buildings`[0m
  ↳ /Users/marc/.rbenv/versions/2.6.1/lib/ruby/gems/2.6.0/gems/activerecord-5.2.2/lib/active_record/log_subscriber.rb:98
  Rendered /Users/marc/.rbenv/versions/2.6.1/lib/ruby/gems/2.6.0/gems/rails_admin-1.4.2/app/views/rails_admin/main/index.html.haml within layouts/rails_admin/pjax (365.1ms)
Completed 200 OK in 442ms (Views: 352.3ms | ActiveRecord: 49.3ms)


Started GET "/emp-dashboard/customer/200?_pjax=%5Bdata-pjax-container%5D" for 127.0.0.1 at 2019-03-13 20:37:19 -0400
Processing by RailsAdmin::MainController#show as HTML
  Parameters: {"_pjax"=>"[data-pjax-container]", "model_name"=>"customer", "id"=>"200"}
  [1m[36mCustomer Load (1.2ms)[0m  [1m[34mSELECT  `customers`.* FROM `customers` WHERE `customers`.`id` = 200 ORDER BY `customers`.`id` ASC LIMIT 1[0m
  ↳ /Users/marc/.rbenv/versions/2.6.1/lib/ruby/gems/2.6.0/gems/activerecord-5.2.2/lib/active_record/log_subscriber.rb:98
  Rendering /Users/marc/.rbenv/versions/2.6.1/lib/ruby/gems/2.6.0/gems/rails_admin-1.4.2/app/views/rails_admin/main/show.html.haml within layouts/rails_admin/pjax
  [1m[36mAddress Load (0.5ms)[0m  [1m[34mSELECT  `addresses`.* FROM `addresses` WHERE `addresses`.`id` = 200 LIMIT 1[0m
  ↳ /Users/marc/.rbenv/versions/2.6.1/lib/ruby/gems/2.6.0/gems/activerecord-5.2.2/lib/active_record/log_subscriber.rb:98
  [1m[36mUser Load (0.6ms)[0m  [1m[34mSELECT  `users`.* FROM `users` WHERE `users`.`id` = 5 LIMIT 1[0m
  ↳ /Users/marc/.rbenv/versions/2.6.1/lib/ruby/gems/2.6.0/gems/activerecord-5.2.2/lib/active_record/log_subscriber.rb:98
  [1m[36mBuilding Load (0.5ms)[0m  [1m[34mSELECT `buildings`.* FROM `buildings` WHERE `buildings`.`customer_id` = 200[0m
  ↳ /Users/marc/.rbenv/versions/2.6.1/lib/ruby/gems/2.6.0/gems/activerecord-5.2.2/lib/active_record/log_subscriber.rb:98
  Rendered /Users/marc/.rbenv/versions/2.6.1/lib/ruby/gems/2.6.0/gems/rails_admin-1.4.2/app/views/rails_admin/main/show.html.haml within layouts/rails_admin/pjax (50.1ms)
Completed 200 OK in 81ms (Views: 63.1ms | ActiveRecord: 4.6ms)


Started GET "/emp-dashboard/address/200?_pjax=%5Bdata-pjax-container%5D" for 127.0.0.1 at 2019-03-13 20:37:27 -0400
Processing by RailsAdmin::MainController#show as HTML
  Parameters: {"_pjax"=>"[data-pjax-container]", "model_name"=>"address", "id"=>"200"}
  [1m[36mAddress Load (10.1ms)[0m  [1m[34mSELECT  `addresses`.* FROM `addresses` WHERE `addresses`.`id` = 200 ORDER BY `addresses`.`id` ASC LIMIT 1[0m
  ↳ /Users/marc/.rbenv/versions/2.6.1/lib/ruby/gems/2.6.0/gems/activerecord-5.2.2/lib/active_record/log_subscriber.rb:98
  Rendering /Users/marc/.rbenv/versions/2.6.1/lib/ruby/gems/2.6.0/gems/rails_admin-1.4.2/app/views/rails_admin/main/show.html.haml within layouts/rails_admin/pjax
  Rendered /Users/marc/.rbenv/versions/2.6.1/lib/ruby/gems/2.6.0/gems/rails_admin-1.4.2/app/views/rails_admin/main/show.html.haml within layouts/rails_admin/pjax (11.6ms)
Completed 200 OK in 55ms (Views: 29.4ms | ActiveRecord: 10.1ms)


Started GET "/emp-dashboard/?_pjax=%5Bdata-pjax-container%5D" for 127.0.0.1 at 2019-03-13 20:37:33 -0400
Processing by RailsAdmin::MainController#dashboard as HTML
  Parameters: {"_pjax"=>"[data-pjax-container]"}
  [1m[35m (1.6ms)[0m  [1m[34mSELECT COUNT(*) FROM `addresses`[0m
  ↳ /Users/marc/.rbenv/versions/2.6.1/lib/ruby/gems/2.6.0/gems/activerecord-5.2.2/lib/active_record/log_subscriber.rb:98
  [1m[35m (4.5ms)[0m  [1m[34mSELECT COUNT(*) FROM `batteries`[0m
  ↳ /Users/marc/.rbenv/versions/2.6.1/lib/ruby/gems/2.6.0/gems/activerecord-5.2.2/lib/active_record/log_subscriber.rb:98
  [1m[35m (0.4ms)[0m  [1m[34mSELECT COUNT(*) FROM `buildings`[0m
  ↳ /Users/marc/.rbenv/versions/2.6.1/lib/ruby/gems/2.6.0/gems/activerecord-5.2.2/lib/active_record/log_subscriber.rb:98
  [1m[35m (0.7ms)[0m  [1m[34mSELECT COUNT(*) FROM `building_details`[0m
  ↳ /Users/marc/.rbenv/versions/2.6.1/lib/ruby/gems/2.6.0/gems/activerecord-5.2.2/lib/active_record/log_subscriber.rb:98
  [1m[35m (0.6ms)[0m  [1m[34mSELECT COUNT(*) FROM `columns`[0m
  ↳ /Users/marc/.rbenv/versions/2.6.1/lib/ruby/gems/2.6.0/gems/activerecord-5.2.2/lib/active_record/log_subscriber.rb:98
  [1m[35m (0.5ms)[0m  [1m[34mSELECT COUNT(*) FROM `customers`[0m
  ↳ /Users/marc/.rbenv/versions/2.6.1/lib/ruby/gems/2.6.0/gems/activerecord-5.2.2/lib/active_record/log_subscriber.rb:98
  [1m[35m (0.8ms)[0m  [1m[34mSELECT COUNT(*) FROM `elevators`[0m
  ↳ /Users/marc/.rbenv/versions/2.6.1/lib/ruby/gems/2.6.0/gems/activerecord-5.2.2/lib/active_record/log_subscriber.rb:98
  [1m[35m (0.5ms)[0m  [1m[34mSELECT COUNT(*) FROM `leads`[0m
  ↳ /Users/marc/.rbenv/versions/2.6.1/lib/ruby/gems/2.6.0/gems/activerecord-5.2.2/lib/active_record/log_subscriber.rb:98
  [1m[36mLead Load (0.3ms)[0m  [1m[34mSELECT  `leads`.* FROM `leads` ORDER BY `leads`.`id` DESC LIMIT 1[0m
  ↳ /Users/marc/.rbenv/versions/2.6.1/lib/ruby/gems/2.6.0/gems/activerecord-5.2.2/lib/active_record/log_subscriber.rb:98
  [1m[35m (0.6ms)[0m  [1m[34mSELECT COUNT(*) FROM `quotes`[0m
  ↳ /Users/marc/.rbenv/versions/2.6.1/lib/ruby/gems/2.6.0/gems/activerecord-5.2.2/lib/active_record/log_subscriber.rb:98
  [1m[36mQuote Load (0.4ms)[0m  [1m[34mSELECT  `quotes`.* FROM `quotes` ORDER BY `quotes`.`id` DESC LIMIT 1[0m
  ↳ /Users/marc/.rbenv/versions/2.6.1/lib/ruby/gems/2.6.0/gems/activerecord-5.2.2/lib/active_record/log_subscriber.rb:98
  [1m[35m (0.4ms)[0m  [1m[34mSELECT COUNT(*) FROM `users`[0m
  ↳ /Users/marc/.rbenv/versions/2.6.1/lib/ruby/gems/2.6.0/gems/activerecord-5.2.2/lib/active_record/log_subscriber.rb:98
  [1m[36mUser Load (0.4ms)[0m  [1m[34mSELECT  `users`.* FROM `users` ORDER BY `users`.`id` DESC LIMIT 1[0m
  ↳ /Users/marc/.rbenv/versions/2.6.1/lib/ruby/gems/2.6.0/gems/activerecord-5.2.2/lib/active_record/log_subscriber.rb:98
  Rendering /Users/marc/.rbenv/versions/2.6.1/lib/ruby/gems/2.6.0/gems/rails_admin-1.4.2/app/views/rails_admin/main/dashboard.html.haml within layouts/rails_admin/pjax
  Rendered /Users/marc/.rbenv/versions/2.6.1/lib/ruby/gems/2.6.0/gems/rails_admin-1.4.2/app/views/rails_admin/main/dashboard.html.haml within layouts/rails_admin/pjax (21.1ms)
Completed 200 OK in 78ms (Views: 39.9ms | ActiveRecord: 16.8ms)


Started GET "/" for 127.0.0.1 at 2019-03-13 20:40:09 -0400
  [1m[35m (0.7ms)[0m  [1m[35mSET NAMES utf8,  @@SESSION.sql_mode = CONCAT(CONCAT(@@sql_mode, ',STRICT_ALL_TABLES'), ',NO_AUTO_VALUE_ON_ZERO'),  @@SESSION.sql_auto_is_null = 0, @@SESSION.wait_timeout = 2147483[0m
  ↳ /Users/marc/.rbenv/versions/2.6.1/lib/ruby/gems/2.6.0/gems/activerecord-5.2.2/lib/active_record/log_subscriber.rb:98
  [1m[35m (0.7ms)[0m  [1m[34mSELECT `schema_migrations`.`version` FROM `schema_migrations` ORDER BY `schema_migrations`.`version` ASC[0m
  ↳ /Users/marc/.rbenv/versions/2.6.1/lib/ruby/gems/2.6.0/gems/activerecord-5.2.2/lib/active_record/log_subscriber.rb:98
Processing by PagesController#index as HTML
  Rendering pages/index.html.erb within layouts/application
  Rendered pages/index.html.erb within layouts/application (16.7ms)
Completed 200 OK in 8358ms (Views: 8294.3ms | ActiveRecord: 29.6ms)


Started GET "/emp-dashboard" for 127.0.0.1 at 2019-03-13 20:40:23 -0400
Processing by RailsAdmin::MainController#dashboard as HTML
Completed 401 Unauthorized in 2ms (ActiveRecord: 0.0ms)


Started GET "/users/sign_in" for 127.0.0.1 at 2019-03-13 20:40:23 -0400
Processing by Devise::SessionsController#new as HTML
  Rendering devise/sessions/new.html.erb within layouts/application
  Rendered devise/shared/_links.html.erb (1.4ms)
  Rendered devise/sessions/new.html.erb within layouts/application (11.5ms)
Completed 200 OK in 185ms (Views: 96.6ms | ActiveRecord: 62.4ms)


Started GET "/users/assets/plugins/bootstrap/js/bootstrap.min.js" for 127.0.0.1 at 2019-03-13 20:40:24 -0400
  
ActionController::RoutingError (No route matches [GET] "/users/assets/plugins/bootstrap/js/bootstrap.min.js"):
  
actionpack (5.2.2) lib/action_dispatch/middleware/debug_exceptions.rb:65:in `call'
web-console (3.7.0) lib/web_console/middleware.rb:135:in `call_app'
web-console (3.7.0) lib/web_console/middleware.rb:30:in `block in call'
web-console (3.7.0) lib/web_console/middleware.rb:20:in `catch'
web-console (3.7.0) lib/web_console/middleware.rb:20:in `call'
actionpack (5.2.2) lib/action_dispatch/middleware/show_exceptions.rb:33:in `call'
railties (5.2.2) lib/rails/rack/logger.rb:38:in `call_app'
railties (5.2.2) lib/rails/rack/logger.rb:26:in `block in call'
activesupport (5.2.2) lib/active_support/tagged_logging.rb:71:in `block in tagged'
activesupport (5.2.2) lib/active_support/tagged_logging.rb:28:in `tagged'
activesupport (5.2.2) lib/active_support/tagged_logging.rb:71:in `tagged'
railties (5.2.2) lib/rails/rack/logger.rb:26:in `call'
sprockets-rails (3.2.1) lib/sprockets/rails/quiet_assets.rb:13:in `call'
actionpack (5.2.2) lib/action_dispatch/middleware/remote_ip.rb:81:in `call'
actionpack (5.2.2) lib/action_dispatch/middleware/request_id.rb:27:in `call'
rack (2.0.6) lib/rack/method_override.rb:22:in `call'
rack (2.0.6) lib/rack/runtime.rb:22:in `call'
activesupport (5.2.2) lib/active_support/cache/strategy/local_cache_middleware.rb:29:in `call'
actionpack (5.2.2) lib/action_dispatch/middleware/executor.rb:14:in `call'
actionpack (5.2.2) lib/action_dispatch/middleware/static.rb:127:in `call'
rack (2.0.6) lib/rack/sendfile.rb:111:in `call'
railties (5.2.2) lib/rails/engine.rb:524:in `call'
puma (3.12.0) lib/puma/configuration.rb:225:in `call'
puma (3.12.0) lib/puma/server.rb:658:in `handle_request'
puma (3.12.0) lib/puma/server.rb:472:in `process_client'
puma (3.12.0) lib/puma/server.rb:332:in `block in run'
puma (3.12.0) lib/puma/thread_pool.rb:133:in `block in spawn_thread'
Started POST "/users/sign_in" for 127.0.0.1 at 2019-03-13 20:40:30 -0400
Processing by Devise::SessionsController#create as HTML
  Parameters: {"utf8"=>"✓", "authenticity_token"=>"ECzKCfcPNTVWobBi2r86w6Rfm547PUitJ8D3WKS6jZx/j/wLpdUA4Xcz7a8DEhbMuMqDrV55fZpb9VZ7v9+Hlg==", "user"=>{"email"=>"marc_ant21@hotmail.com", "password"=>"[FILTERED]"}, "commit"=>"Log in"}
  [1m[36mUser Load (2.0ms)[0m  [1m[34mSELECT  `users`.* FROM `users` WHERE `users`.`email` = 'marc_ant21@hotmail.com' ORDER BY `users`.`id` ASC LIMIT 1[0m
  ↳ /Users/marc/.rbenv/versions/2.6.1/lib/ruby/gems/2.6.0/gems/activerecord-5.2.2/lib/active_record/log_subscriber.rb:98
Redirected to http://localhost:3000/emp-dashboard/
Completed 302 Found in 191ms (ActiveRecord: 5.5ms)


Started GET "/emp-dashboard/" for 127.0.0.1 at 2019-03-13 20:40:31 -0400
Processing by RailsAdmin::MainController#dashboard as HTML
  [1m[36mUser Load (0.6ms)[0m  [1m[34mSELECT  `users`.* FROM `users` WHERE `users`.`id` = 1 ORDER BY `users`.`id` ASC LIMIT 1[0m
  ↳ config/initializers/rails_admin.rb:7
  [1m[35m (2.0ms)[0m  [1m[34mSELECT COUNT(*) FROM `addresses`[0m
  ↳ /Users/marc/.rbenv/versions/2.6.1/lib/ruby/gems/2.6.0/gems/activerecord-5.2.2/lib/active_record/log_subscriber.rb:98
  [1m[35m (0.8ms)[0m  [1m[34mSELECT COUNT(*) FROM `batteries`[0m
  ↳ /Users/marc/.rbenv/versions/2.6.1/lib/ruby/gems/2.6.0/gems/activerecord-5.2.2/lib/active_record/log_subscriber.rb:98
  [1m[35m (0.8ms)[0m  [1m[34mSELECT COUNT(*) FROM `buildings`[0m
  ↳ /Users/marc/.rbenv/versions/2.6.1/lib/ruby/gems/2.6.0/gems/activerecord-5.2.2/lib/active_record/log_subscriber.rb:98
  [1m[35m (0.9ms)[0m  [1m[34mSELECT COUNT(*) FROM `building_details`[0m
  ↳ /Users/marc/.rbenv/versions/2.6.1/lib/ruby/gems/2.6.0/gems/activerecord-5.2.2/lib/active_record/log_subscriber.rb:98
  [1m[35m (1.0ms)[0m  [1m[34mSELECT COUNT(*) FROM `columns`[0m
  ↳ /Users/marc/.rbenv/versions/2.6.1/lib/ruby/gems/2.6.0/gems/activerecord-5.2.2/lib/active_record/log_subscriber.rb:98
  [1m[35m (0.8ms)[0m  [1m[34mSELECT COUNT(*) FROM `customers`[0m
  ↳ /Users/marc/.rbenv/versions/2.6.1/lib/ruby/gems/2.6.0/gems/activerecord-5.2.2/lib/active_record/log_subscriber.rb:98
  [1m[35m (0.7ms)[0m  [1m[34mSELECT COUNT(*) FROM `elevators`[0m
  ↳ /Users/marc/.rbenv/versions/2.6.1/lib/ruby/gems/2.6.0/gems/activerecord-5.2.2/lib/active_record/log_subscriber.rb:98
  [1m[35m (0.7ms)[0m  [1m[34mSELECT COUNT(*) FROM `leads`[0m
  ↳ /Users/marc/.rbenv/versions/2.6.1/lib/ruby/gems/2.6.0/gems/activerecord-5.2.2/lib/active_record/log_subscriber.rb:98
  [1m[36mLead Load (0.7ms)[0m  [1m[34mSELECT  `leads`.* FROM `leads` ORDER BY `leads`.`id` DESC LIMIT 1[0m
  ↳ /Users/marc/.rbenv/versions/2.6.1/lib/ruby/gems/2.6.0/gems/activerecord-5.2.2/lib/active_record/log_subscriber.rb:98
  [1m[35m (1.4ms)[0m  [1m[34mSELECT COUNT(*) FROM `quotes`[0m
  ↳ /Users/marc/.rbenv/versions/2.6.1/lib/ruby/gems/2.6.0/gems/activerecord-5.2.2/lib/active_record/log_subscriber.rb:98
  [1m[36mQuote Load (0.6ms)[0m  [1m[34mSELECT  `quotes`.* FROM `quotes` ORDER BY `quotes`.`id` DESC LIMIT 1[0m
  ↳ /Users/marc/.rbenv/versions/2.6.1/lib/ruby/gems/2.6.0/gems/activerecord-5.2.2/lib/active_record/log_subscriber.rb:98
  [1m[35m (0.7ms)[0m  [1m[34mSELECT COUNT(*) FROM `users`[0m
  ↳ /Users/marc/.rbenv/versions/2.6.1/lib/ruby/gems/2.6.0/gems/activerecord-5.2.2/lib/active_record/log_subscriber.rb:98
  [1m[36mUser Load (0.7ms)[0m  [1m[34mSELECT  `users`.* FROM `users` ORDER BY `users`.`id` DESC LIMIT 1[0m
  ↳ /Users/marc/.rbenv/versions/2.6.1/lib/ruby/gems/2.6.0/gems/activerecord-5.2.2/lib/active_record/log_subscriber.rb:98
  Rendering /Users/marc/.rbenv/versions/2.6.1/lib/ruby/gems/2.6.0/gems/rails_admin-1.4.2/app/views/rails_admin/main/dashboard.html.haml within layouts/rails_admin/application
  Rendered /Users/marc/.rbenv/versions/2.6.1/lib/ruby/gems/2.6.0/gems/rails_admin-1.4.2/app/views/rails_admin/main/dashboard.html.haml within layouts/rails_admin/application (61.2ms)
  Rendered /Users/marc/.rbenv/versions/2.6.1/lib/ruby/gems/2.6.0/gems/rails_admin-1.4.2/app/views/layouts/rails_admin/_secondary_navigation.html.haml (10.3ms)
  Rendered /Users/marc/.rbenv/versions/2.6.1/lib/ruby/gems/2.6.0/gems/rails_admin-1.4.2/app/views/layouts/rails_admin/_navigation.html.haml (22.9ms)
  Rendered /Users/marc/.rbenv/versions/2.6.1/lib/ruby/gems/2.6.0/gems/rails_admin-1.4.2/app/views/layouts/rails_admin/_sidebar_navigation.html.haml (15.1ms)
  Rendering /Users/marc/.rbenv/versions/2.6.1/lib/ruby/gems/2.6.0/gems/rails_admin-1.4.2/app/views/layouts/rails_admin/pjax.html.haml
  Rendered /Users/marc/.rbenv/versions/2.6.1/lib/ruby/gems/2.6.0/gems/rails_admin-1.4.2/app/views/layouts/rails_admin/pjax.html.haml (10.1ms)
Completed 200 OK in 1865ms (Views: 603.7ms | ActiveRecord: 71.0ms)


Started GET "/emp-dashboard/customer?_pjax=%5Bdata-pjax-container%5D" for 127.0.0.1 at 2019-03-13 20:41:32 -0400
Processing by RailsAdmin::MainController#index as HTML
  Parameters: {"_pjax"=>"[data-pjax-container]", "model_name"=>"customer"}
  [1m[36mUser Load (5.9ms)[0m  [1m[34mSELECT  `users`.* FROM `users` WHERE `users`.`id` = 1 ORDER BY `users`.`id` ASC LIMIT 1[0m
  ↳ config/initializers/rails_admin.rb:7
  Rendering /Users/marc/.rbenv/versions/2.6.1/lib/ruby/gems/2.6.0/gems/rails_admin-1.4.2/app/views/rails_admin/main/index.html.haml within layouts/rails_admin/pjax
  [1m[36mCustomer Load (0.5ms)[0m  [1m[34mSELECT  `customers`.* FROM `customers` ORDER BY customers.id desc LIMIT 20 OFFSET 0[0m
  ↳ /Users/marc/.rbenv/versions/2.6.1/lib/ruby/gems/2.6.0/gems/activerecord-5.2.2/lib/active_record/log_subscriber.rb:98
  [1m[36mAddress Load (0.7ms)[0m  [1m[34mSELECT `addresses`.* FROM `addresses` WHERE `addresses`.`id` IN (200, 199, 198, 197, 196, 195, 194, 193, 192, 191, 190, 189, 188, 187, 186, 185, 184, 183, 182, 181)[0m
  ↳ /Users/marc/.rbenv/versions/2.6.1/lib/ruby/gems/2.6.0/gems/activerecord-5.2.2/lib/active_record/log_subscriber.rb:98
  [1m[36mUser Load (0.5ms)[0m  [1m[34mSELECT `users`.* FROM `users` WHERE `users`.`id` IN (5, 4, 3, 2, 8, 7, 6)[0m
  ↳ /Users/marc/.rbenv/versions/2.6.1/lib/ruby/gems/2.6.0/gems/activerecord-5.2.2/lib/active_record/log_subscriber.rb:98
  [1m[35m (0.5ms)[0m  [1m[34mSELECT COUNT(*) FROM `customers`[0m
  ↳ /Users/marc/.rbenv/versions/2.6.1/lib/ruby/gems/2.6.0/gems/activerecord-5.2.2/lib/active_record/log_subscriber.rb:98
  Rendered /Users/marc/.rbenv/versions/2.6.1/lib/ruby/gems/2.6.0/gems/rails_admin-1.4.2/app/views/rails_admin/main/index.html.haml within layouts/rails_admin/pjax (264.9ms)
Completed 200 OK in 331ms (Views: 261.9ms | ActiveRecord: 43.5ms)


Started GET "/" for 127.0.0.1 at 2019-03-13 21:04:20 -0400
  [1m[35m (6.5ms)[0m  [1m[35mSET NAMES utf8,  @@SESSION.sql_mode = CONCAT(CONCAT(@@sql_mode, ',STRICT_ALL_TABLES'), ',NO_AUTO_VALUE_ON_ZERO'),  @@SESSION.sql_auto_is_null = 0, @@SESSION.wait_timeout = 2147483[0m
  ↳ /Users/marc/.rbenv/versions/2.6.1/lib/ruby/gems/2.6.0/gems/activerecord-5.2.2/lib/active_record/log_subscriber.rb:98
  [1m[35m (0.4ms)[0m  [1m[34mSELECT `schema_migrations`.`version` FROM `schema_migrations` ORDER BY `schema_migrations`.`version` ASC[0m
  ↳ /Users/marc/.rbenv/versions/2.6.1/lib/ruby/gems/2.6.0/gems/activerecord-5.2.2/lib/active_record/log_subscriber.rb:98
Processing by PagesController#index as HTML
  Rendering pages/index.html.erb within layouts/application
  Rendered pages/index.html.erb within layouts/application (13.9ms)
Started GET "/" for 127.0.0.1 at 2019-03-13 21:04:25 -0400
  [1m[35m (4.7ms)[0m  [1m[35mSET NAMES utf8,  @@SESSION.sql_mode = CONCAT(CONCAT(@@sql_mode, ',STRICT_ALL_TABLES'), ',NO_AUTO_VALUE_ON_ZERO'),  @@SESSION.sql_auto_is_null = 0, @@SESSION.wait_timeout = 2147483[0m
  ↳ /Users/marc/.rbenv/versions/2.6.1/lib/ruby/gems/2.6.0/gems/activerecord-5.2.2/lib/active_record/log_subscriber.rb:98
Processing by PagesController#index as HTML
  Rendering pages/index.html.erb within layouts/application
  Rendered pages/index.html.erb within layouts/application (10.0ms)
Completed 500 Internal Server Error in 12949ms (ActiveRecord: 0.0ms)


  
ActionView::Template::Error (ret: 2, hash modified during iteration):
     6:     <%= csp_meta_tag %>
     7: 
     8:     <link href="https://fonts.googleapis.com/css?family=Roboto" rel="stylesheet"/>
     9:     <%= stylesheet_link_tag    'application', media: 'all', 'data-turbolinks-track': 'reload' %>
    10:     <%= javascript_include_tag 'application', media: 'all', 'data-turbolinks-track': 'reload' %>
    11:     <%= favicon_link_tag 'R2.png' %>
    12:   </head>
  
app/views/layouts/application.html.erb:9:in `_app_views_layouts_application_html_erb___4163272008523339233_70092991127920'
Completed 200 OK in 18988ms (Views: 18922.9ms | ActiveRecord: 26.0ms)


Started GET "/" for 127.0.0.1 at 2019-03-13 21:05:01 -0400
  [1m[35m (1.0ms)[0m  [1m[35mSET NAMES utf8,  @@SESSION.sql_mode = CONCAT(CONCAT(@@sql_mode, ',STRICT_ALL_TABLES'), ',NO_AUTO_VALUE_ON_ZERO'),  @@SESSION.sql_auto_is_null = 0, @@SESSION.wait_timeout = 2147483[0m
  ↳ /Users/marc/.rbenv/versions/2.6.1/lib/ruby/gems/2.6.0/gems/activerecord-5.2.2/lib/active_record/log_subscriber.rb:98
  [1m[35m (4.9ms)[0m  [1m[34mSELECT `schema_migrations`.`version` FROM `schema_migrations` ORDER BY `schema_migrations`.`version` ASC[0m
  ↳ /Users/marc/.rbenv/versions/2.6.1/lib/ruby/gems/2.6.0/gems/activerecord-5.2.2/lib/active_record/log_subscriber.rb:98
Processing by PagesController#index as HTML
  Rendering pages/index.html.erb within layouts/application
  Rendered pages/index.html.erb within layouts/application (16.9ms)
Completed 200 OK in 6736ms (Views: 6670.9ms | ActiveRecord: 18.2ms)


Started GET "/emp-dashboard" for 127.0.0.1 at 2019-03-13 21:05:32 -0400
Processing by RailsAdmin::MainController#dashboard as HTML
  [1m[36mUser Load (1.1ms)[0m  [1m[34mSELECT  `users`.* FROM `users` WHERE `users`.`id` = 1 ORDER BY `users`.`id` ASC LIMIT 1[0m
  ↳ config/initializers/rails_admin.rb:7
  [1m[35m (1.1ms)[0m  [1m[34mSELECT COUNT(*) FROM `addresses`[0m
  ↳ /Users/marc/.rbenv/versions/2.6.1/lib/ruby/gems/2.6.0/gems/activerecord-5.2.2/lib/active_record/log_subscriber.rb:98
  [1m[35m (0.6ms)[0m  [1m[34mSELECT COUNT(*) FROM `batteries`[0m
  ↳ /Users/marc/.rbenv/versions/2.6.1/lib/ruby/gems/2.6.0/gems/activerecord-5.2.2/lib/active_record/log_subscriber.rb:98
  [1m[35m (0.5ms)[0m  [1m[34mSELECT COUNT(*) FROM `buildings`[0m
  ↳ /Users/marc/.rbenv/versions/2.6.1/lib/ruby/gems/2.6.0/gems/activerecord-5.2.2/lib/active_record/log_subscriber.rb:98
  [1m[35m (0.5ms)[0m  [1m[34mSELECT COUNT(*) FROM `building_details`[0m
  ↳ /Users/marc/.rbenv/versions/2.6.1/lib/ruby/gems/2.6.0/gems/activerecord-5.2.2/lib/active_record/log_subscriber.rb:98
  [1m[35m (0.9ms)[0m  [1m[34mSELECT COUNT(*) FROM `columns`[0m
  ↳ /Users/marc/.rbenv/versions/2.6.1/lib/ruby/gems/2.6.0/gems/activerecord-5.2.2/lib/active_record/log_subscriber.rb:98
  [1m[35m (0.5ms)[0m  [1m[34mSELECT COUNT(*) FROM `customers`[0m
  ↳ /Users/marc/.rbenv/versions/2.6.1/lib/ruby/gems/2.6.0/gems/activerecord-5.2.2/lib/active_record/log_subscriber.rb:98
  [1m[35m (0.7ms)[0m  [1m[34mSELECT COUNT(*) FROM `elevators`[0m
  ↳ /Users/marc/.rbenv/versions/2.6.1/lib/ruby/gems/2.6.0/gems/activerecord-5.2.2/lib/active_record/log_subscriber.rb:98
  [1m[35m (1.0ms)[0m  [1m[34mSELECT COUNT(*) FROM `leads`[0m
  ↳ /Users/marc/.rbenv/versions/2.6.1/lib/ruby/gems/2.6.0/gems/activerecord-5.2.2/lib/active_record/log_subscriber.rb:98
  [1m[36mLead Load (1.3ms)[0m  [1m[34mSELECT  `leads`.* FROM `leads` ORDER BY `leads`.`id` DESC LIMIT 1[0m
  ↳ /Users/marc/.rbenv/versions/2.6.1/lib/ruby/gems/2.6.0/gems/activerecord-5.2.2/lib/active_record/log_subscriber.rb:98
  [1m[35m (1.0ms)[0m  [1m[34mSELECT COUNT(*) FROM `quotes`[0m
  ↳ /Users/marc/.rbenv/versions/2.6.1/lib/ruby/gems/2.6.0/gems/activerecord-5.2.2/lib/active_record/log_subscriber.rb:98
  [1m[36mQuote Load (0.5ms)[0m  [1m[34mSELECT  `quotes`.* FROM `quotes` ORDER BY `quotes`.`id` DESC LIMIT 1[0m
  ↳ /Users/marc/.rbenv/versions/2.6.1/lib/ruby/gems/2.6.0/gems/activerecord-5.2.2/lib/active_record/log_subscriber.rb:98
  [1m[35m (0.6ms)[0m  [1m[34mSELECT COUNT(*) FROM `users`[0m
  ↳ /Users/marc/.rbenv/versions/2.6.1/lib/ruby/gems/2.6.0/gems/activerecord-5.2.2/lib/active_record/log_subscriber.rb:98
  [1m[36mUser Load (0.4ms)[0m  [1m[34mSELECT  `users`.* FROM `users` ORDER BY `users`.`id` DESC LIMIT 1[0m
  ↳ /Users/marc/.rbenv/versions/2.6.1/lib/ruby/gems/2.6.0/gems/activerecord-5.2.2/lib/active_record/log_subscriber.rb:98
  Rendering /Users/marc/.rbenv/versions/2.6.1/lib/ruby/gems/2.6.0/gems/rails_admin-1.4.2/app/views/rails_admin/main/dashboard.html.haml within layouts/rails_admin/application
  Rendered /Users/marc/.rbenv/versions/2.6.1/lib/ruby/gems/2.6.0/gems/rails_admin-1.4.2/app/views/rails_admin/main/dashboard.html.haml within layouts/rails_admin/application (40.7ms)
  Rendered /Users/marc/.rbenv/versions/2.6.1/lib/ruby/gems/2.6.0/gems/rails_admin-1.4.2/app/views/layouts/rails_admin/_secondary_navigation.html.haml (36.5ms)
  Rendered /Users/marc/.rbenv/versions/2.6.1/lib/ruby/gems/2.6.0/gems/rails_admin-1.4.2/app/views/layouts/rails_admin/_navigation.html.haml (49.1ms)
  Rendered /Users/marc/.rbenv/versions/2.6.1/lib/ruby/gems/2.6.0/gems/rails_admin-1.4.2/app/views/layouts/rails_admin/_sidebar_navigation.html.haml (8.9ms)
  Rendering /Users/marc/.rbenv/versions/2.6.1/lib/ruby/gems/2.6.0/gems/rails_admin-1.4.2/app/views/layouts/rails_admin/pjax.html.haml
  Rendered /Users/marc/.rbenv/versions/2.6.1/lib/ruby/gems/2.6.0/gems/rails_admin-1.4.2/app/views/layouts/rails_admin/pjax.html.haml (5.8ms)
Completed 200 OK in 2167ms (Views: 1027.1ms | ActiveRecord: 96.3ms)


Started GET "/emp-dashboard/address?_pjax=%5Bdata-pjax-container%5D" for 127.0.0.1 at 2019-03-13 21:05:46 -0400
Processing by RailsAdmin::MainController#index as HTML
  Parameters: {"_pjax"=>"[data-pjax-container]", "model_name"=>"address"}
  [1m[36mUser Load (12.1ms)[0m  [1m[34mSELECT  `users`.* FROM `users` WHERE `users`.`id` = 1 ORDER BY `users`.`id` ASC LIMIT 1[0m
  ↳ config/initializers/rails_admin.rb:7
  Rendering /Users/marc/.rbenv/versions/2.6.1/lib/ruby/gems/2.6.0/gems/rails_admin-1.4.2/app/views/rails_admin/main/index.html.haml within layouts/rails_admin/pjax
  [1m[36mAddress Load (2.1ms)[0m  [1m[34mSELECT  `addresses`.* FROM `addresses` ORDER BY addresses.id desc LIMIT 20 OFFSET 0[0m
  ↳ /Users/marc/.rbenv/versions/2.6.1/lib/ruby/gems/2.6.0/gems/activerecord-5.2.2/lib/active_record/log_subscriber.rb:98
  [1m[35m (0.7ms)[0m  [1m[34mSELECT COUNT(*) FROM `addresses`[0m
  ↳ /Users/marc/.rbenv/versions/2.6.1/lib/ruby/gems/2.6.0/gems/activerecord-5.2.2/lib/active_record/log_subscriber.rb:98
  Rendered /Users/marc/.rbenv/versions/2.6.1/lib/ruby/gems/2.6.0/gems/rails_admin-1.4.2/app/views/rails_admin/main/index.html.haml within layouts/rails_admin/pjax (199.7ms)
Completed 200 OK in 301ms (Views: 214.8ms | ActiveRecord: 63.7ms)


Started GET "/emp-dashboard/?_pjax=%5Bdata-pjax-container%5D" for 127.0.0.1 at 2019-03-13 21:06:00 -0400
Processing by RailsAdmin::MainController#dashboard as HTML
  Parameters: {"_pjax"=>"[data-pjax-container]"}
  [1m[36mUser Load (0.4ms)[0m  [1m[34mSELECT  `users`.* FROM `users` WHERE `users`.`id` = 1 ORDER BY `users`.`id` ASC LIMIT 1[0m
  ↳ config/initializers/rails_admin.rb:7
  [1m[35m (3.5ms)[0m  [1m[34mSELECT COUNT(*) FROM `addresses`[0m
  ↳ /Users/marc/.rbenv/versions/2.6.1/lib/ruby/gems/2.6.0/gems/activerecord-5.2.2/lib/active_record/log_subscriber.rb:98
  [1m[35m (1.2ms)[0m  [1m[34mSELECT COUNT(*) FROM `batteries`[0m
  ↳ /Users/marc/.rbenv/versions/2.6.1/lib/ruby/gems/2.6.0/gems/activerecord-5.2.2/lib/active_record/log_subscriber.rb:98
  [1m[35m (1.6ms)[0m  [1m[34mSELECT COUNT(*) FROM `buildings`[0m
  ↳ /Users/marc/.rbenv/versions/2.6.1/lib/ruby/gems/2.6.0/gems/activerecord-5.2.2/lib/active_record/log_subscriber.rb:98
  [1m[35m (0.5ms)[0m  [1m[34mSELECT COUNT(*) FROM `building_details`[0m
  ↳ /Users/marc/.rbenv/versions/2.6.1/lib/ruby/gems/2.6.0/gems/activerecord-5.2.2/lib/active_record/log_subscriber.rb:98
  [1m[35m (0.6ms)[0m  [1m[34mSELECT COUNT(*) FROM `columns`[0m
  ↳ /Users/marc/.rbenv/versions/2.6.1/lib/ruby/gems/2.6.0/gems/activerecord-5.2.2/lib/active_record/log_subscriber.rb:98
  [1m[35m (0.4ms)[0m  [1m[34mSELECT COUNT(*) FROM `customers`[0m
  ↳ /Users/marc/.rbenv/versions/2.6.1/lib/ruby/gems/2.6.0/gems/activerecord-5.2.2/lib/active_record/log_subscriber.rb:98
  [1m[35m (0.4ms)[0m  [1m[34mSELECT COUNT(*) FROM `elevators`[0m
  ↳ /Users/marc/.rbenv/versions/2.6.1/lib/ruby/gems/2.6.0/gems/activerecord-5.2.2/lib/active_record/log_subscriber.rb:98
  [1m[35m (0.3ms)[0m  [1m[34mSELECT COUNT(*) FROM `leads`[0m
  ↳ /Users/marc/.rbenv/versions/2.6.1/lib/ruby/gems/2.6.0/gems/activerecord-5.2.2/lib/active_record/log_subscriber.rb:98
  [1m[36mLead Load (0.3ms)[0m  [1m[34mSELECT  `leads`.* FROM `leads` ORDER BY `leads`.`id` DESC LIMIT 1[0m
  ↳ /Users/marc/.rbenv/versions/2.6.1/lib/ruby/gems/2.6.0/gems/activerecord-5.2.2/lib/active_record/log_subscriber.rb:98
  [1m[35m (0.3ms)[0m  [1m[34mSELECT COUNT(*) FROM `quotes`[0m
  ↳ /Users/marc/.rbenv/versions/2.6.1/lib/ruby/gems/2.6.0/gems/activerecord-5.2.2/lib/active_record/log_subscriber.rb:98
  [1m[36mQuote Load (0.3ms)[0m  [1m[34mSELECT  `quotes`.* FROM `quotes` ORDER BY `quotes`.`id` DESC LIMIT 1[0m
  ↳ /Users/marc/.rbenv/versions/2.6.1/lib/ruby/gems/2.6.0/gems/activerecord-5.2.2/lib/active_record/log_subscriber.rb:98
  [1m[35m (0.4ms)[0m  [1m[34mSELECT COUNT(*) FROM `users`[0m
  ↳ /Users/marc/.rbenv/versions/2.6.1/lib/ruby/gems/2.6.0/gems/activerecord-5.2.2/lib/active_record/log_subscriber.rb:98
  [1m[36mUser Load (0.4ms)[0m  [1m[34mSELECT  `users`.* FROM `users` ORDER BY `users`.`id` DESC LIMIT 1[0m
  ↳ /Users/marc/.rbenv/versions/2.6.1/lib/ruby/gems/2.6.0/gems/activerecord-5.2.2/lib/active_record/log_subscriber.rb:98
  Rendering /Users/marc/.rbenv/versions/2.6.1/lib/ruby/gems/2.6.0/gems/rails_admin-1.4.2/app/views/rails_admin/main/dashboard.html.haml within layouts/rails_admin/pjax
  Rendered /Users/marc/.rbenv/versions/2.6.1/lib/ruby/gems/2.6.0/gems/rails_admin-1.4.2/app/views/rails_admin/main/dashboard.html.haml within layouts/rails_admin/pjax (25.2ms)
Completed 200 OK in 78ms (Views: 43.5ms | ActiveRecord: 10.7ms)


